> yum not found
> Found apt

WARNING: apt does not have a stable CLI interface yet. Use with caution in scripts.

Get:1 http://neurodeb.pirsquared.org data InRelease [25.7 kB]
Ign http://archive.ubuntu.com trusty InRelease
Get:2 http://archive.ubuntu.com trusty-updates InRelease [65.9 kB]
Get:3 http://archive.ubuntu.com trusty-security InRelease [65.9 kB]
Get:4 http://neurodeb.pirsquared.org trusty InRelease [18.4 kB]
Hit http://archive.ubuntu.com trusty Release.gpg
Hit http://archive.ubuntu.com trusty Release
Get:5 http://neurodeb.pirsquared.org data/main amd64 Packages [6308 B]
Get:6 http://archive.ubuntu.com trusty-updates/main Sources [532 kB]
Get:7 http://neurodeb.pirsquared.org data/contrib amd64 Packages [20 B]
Get:8 http://neurodeb.pirsquared.org data/non-free amd64 Packages [6106 B]
Get:9 http://archive.ubuntu.com trusty-updates/restricted Sources [6444 B]
Get:10 http://archive.ubuntu.com trusty-updates/universe Sources [288 kB]
Get:11 http://archive.ubuntu.com trusty-updates/main amd64 Packages [1460 kB]
Get:12 https://deb.nodesource.com trusty/main Sources
Get:13 https://deb.nodesource.com trusty/main amd64 Packages
Get:14 http://archive.ubuntu.com trusty-updates/restricted amd64 Packages [21.4 kB]
Get:15 http://archive.ubuntu.com trusty-updates/universe amd64 Packages [671 kB]
Get:16 http://neurodeb.pirsquared.org trusty/main amd64 Packages [119 kB]
Get:17 http://archive.ubuntu.com trusty-security/main Sources [220 kB]
Get:18 http://neurodeb.pirsquared.org trusty/contrib amd64 Packages [5809 B]
Get:19 http://neurodeb.pirsquared.org trusty/non-free amd64 Packages [4339 B]
Get:20 http://archive.ubuntu.com trusty-security/restricted Sources [5050 B]
Get:21 http://archive.ubuntu.com trusty-security/universe Sources [126 kB]
Get:22 http://archive.ubuntu.com trusty-security/main amd64 Packages [1032 kB]
Get:23 http://archive.ubuntu.com trusty-security/restricted amd64 Packages [18.1 kB]
Get:24 http://archive.ubuntu.com trusty-security/universe amd64 Packages [377 kB]
Hit http://archive.ubuntu.com trusty/main Sources
Hit http://archive.ubuntu.com trusty/restricted Sources
Hit http://archive.ubuntu.com trusty/universe Sources
Hit http://archive.ubuntu.com trusty/main amd64 Packages
Hit http://archive.ubuntu.com trusty/restricted amd64 Packages
Hit http://archive.ubuntu.com trusty/universe amd64 Packages
Fetched 5081 kB in 15s (327 kB/s)
Reading package lists...
W: Size of file /var/lib/apt/lists/archive.ubuntu.com_ubuntu_dists_trusty-updates_restricted_source_Sources.gz is not what the server reported 6444 6449
W: Size of file /var/lib/apt/lists/deb.nodesource.com_node%5f4.x_dists_trusty_main_binary-amd64_Packages.gz is not what the server reported 1002 1006
W: Size of file /var/lib/apt/lists/archive.ubuntu.com_ubuntu_dists_trusty-updates_restricted_binary-amd64_Packages.gz is not what the server reported 21365 21377
W: Size of file /var/lib/apt/lists/neurodeb.pirsquared.org_dists_trusty_non-free_binary-amd64_Packages.gz is not what the server reported 4339 4343

WARNING: apt does not have a stable CLI interface yet. Use with caution in scripts.

Reading package lists...
Building dependency tree...
Reading state information...
The following packages were automatically installed and are no longer required:
  libcurl3 rlwrap
Use 'apt-get autoremove' to remove them.
The following NEW packages will be installed:
  libyaml-0-2 python3-pkg-resources python3-yaml ubuntu-advantage-tools
The following packages will be upgraded:
  apt apt-transport-https apt-utils base-files bash bsdutils busybox-initramfs
  ca-certificates cpp-4.8 dpkg eject file fsl fsl-5.0-core fsl-core g++-4.8
  gcc-4.8 gcc-4.8-base gnupg gpgv gstreamer1.0-plugins-base
  gstreamer1.0-plugins-good gstreamer1.0-x ifupdown init-system-helpers
  initramfs-tools initramfs-tools-bin iproute2 isc-dhcp-client isc-dhcp-common
  klibc-utils kmod krb5-locales libapt-inst1.5 libapt-pkg4.12 libasan0
  libasn1-8-heimdal libatomic1 libavahi-client3 libavahi-common-data
  libavahi-common3 libavcodec54 libavformat54 libavutil52 libblkid1 libc-bin
  libc-dev-bin libc6 libc6-dev libcaca0 libcups2 libcurl3 libcurl3-gnutls
  libdb5.3 libdbus-1-3 libdrm-intel1 libdrm-nouveau2 libdrm-radeon1 libdrm2
  libelf1 libffi6 libgcc-4.8-dev libgcrypt11 libgd3 libgdk-pixbuf2.0-0
  libgdk-pixbuf2.0-common libgfortran3 libgiftiio0 libglib2.0-0
  libglib2.0-data libgnutls-openssl27 libgnutls26 libgomp1 libgraphite2-3
  libgssapi-krb5-2 libgssapi3-heimdal libgstreamer-plugins-base1.0-0
  libgstreamer-plugins-good1.0-0 libgstreamer1.0-0 libhcrypto4-heimdal
  libhdf5-7 libheimbase1-heimdal libheimntlm0-heimdal libhx509-5-heimdal
  libicu52 libidn11 libitm1 libjasper1 libjpeg-turbo8 libk5crypto3 libklibc
  libkmod2 libkrb5-26-heimdal libkrb5-3 libkrb5support0 liblcms2-2
  libldap-2.4-2 libmagic1 libmount1 libmysqlclient18 libpixman-1-0
  libplymouth2 libpng12-0 libpng12-dev libpq5 libprocps3 libpython2.7
  libpython2.7-dev libpython2.7-minimal libpython2.7-stdlib
  libpython3.4-minimal libpython3.4-stdlib libquadmath0 libroken18-heimdal
  librtmp0 libsoup2.4-1 libsqlite3-0 libssl1.0.0 libstdc++-4.8-dev libstdc++6
  libswscale2 libtasn1-6 libtiff5 libtorque2 libtsan0 libudev1 libuuid1
  libvorbis0a libvorbisenc2 libwavpack1 libwind0-heimdal libx11-6 libx11-data
  libx11-xcb1 libxcursor1 libxml2 libxpm4 libxslt1.1 linux-libc-dev login
  logrotate makedev module-init-tools mount mountall multiarch-support
  mysql-common neurodebian-popularity-contest nodejs ntpdate openssl passwd
  perl perl-base perl-modules plymouth procps python-matplotlib
  python-matplotlib-data python2.7 python2.7-dev python2.7-minimal python3.4
  python3.4-minimal resolvconf rsyslog sensible-utils suckless-tools sudo tar
  tzdata ubuntu-minimal udev util-linux vim-common vim-tiny wget zlib1g
  zlib1g-dev
179 upgraded, 4 newly installed, 0 to remove and 0 not upgraded.
Need to get 135 MB of archives.
After this operation, 4423 kB disk space will be freed.
Get:1 http://neurodeb.pirsquared.org/ trusty/main neurodebian-popularity-contest all 0.40.1~nd14.04+1 [13.3 kB]
Get:2 http://archive.ubuntu.com/ubuntu/ trusty-updates/main base-files amd64 7.2ubuntu5.6 [69.3 kB]
Get:3 http://neurodeb.pirsquared.org/ trusty/main init-system-helpers all 1.18~nd13.10+1+nd14.04+1 [13.4 kB]
Get:4 http://neurodeb.pirsquared.org/ trusty/main libgiftiio0 amd64 1.0.9-2~nd14.04+1 [45.5 kB]
Get:5 http://neurodeb.pirsquared.org/ trusty/non-free fsl-core all 5.0.9-5~nd14.04+1 [21.5 kB]
Get:6 http://archive.ubuntu.com/ubuntu/ trusty-updates/main bash amd64 4.3-7ubuntu1.7 [575 kB]
Get:7 http://neurodeb.pirsquared.org/ trusty/non-free fsl-5.0-core amd64 5.0.9-5~nd14.04+1 [7645 kB]
Get:8 http://archive.ubuntu.com/ubuntu/ trusty-updates/main dpkg amd64 1.17.5ubuntu5.8 [1958 kB]
Get:9 http://archive.ubuntu.com/ubuntu/ trusty-updates/main login amd64 1:4.1.5.1-1ubuntu9.5 [302 kB]
Get:10 http://archive.ubuntu.com/ubuntu/ trusty-updates/main mount amd64 2.20.1-5.1ubuntu20.9 [115 kB]
Get:11 http://archive.ubuntu.com/ubuntu/ trusty-updates/main perl amd64 5.18.2-2ubuntu1.7 [2650 kB]
Get:12 http://archive.ubuntu.com/ubuntu/ trusty-updates/main perl-base amd64 5.18.2-2ubuntu1.7 [1150 kB]
Get:13 http://archive.ubuntu.com/ubuntu/ trusty-updates/main perl-modules all 5.18.2-2ubuntu1.7 [2674 kB]
Get:14 http://archive.ubuntu.com/ubuntu/ trusty-updates/main libc-bin amd64 2.19-0ubuntu6.15 [1166 kB]
Get:15 http://archive.ubuntu.com/ubuntu/ trusty-updates/main libc6-dev amd64 2.19-0ubuntu6.15 [1913 kB]
Get:16 http://archive.ubuntu.com/ubuntu/ trusty-updates/main libc-dev-bin amd64 2.19-0ubuntu6.15 [68.9 kB]
Get:17 http://archive.ubuntu.com/ubuntu/ trusty-updates/main linux-libc-dev amd64 3.13.0-170.220 [772 kB]
Get:18 http://archive.ubuntu.com/ubuntu/ trusty-updates/main libc6 amd64 2.19-0ubuntu6.15 [4727 kB]
Get:19 http://archive.ubuntu.com/ubuntu/ trusty-updates/main libdb5.3 amd64 5.3.28-3ubuntu3.1 [646 kB]
Get:20 http://archive.ubuntu.com/ubuntu/ trusty-updates/main zlib1g-dev amd64 1:1.2.8.dfsg-1ubuntu1.1 [166 kB]
Get:21 http://archive.ubuntu.com/ubuntu/ trusty-updates/main zlib1g amd64 1:1.2.8.dfsg-1ubuntu1.1 [49.8 kB]
Get:22 http://archive.ubuntu.com/ubuntu/ trusty-updates/main tar amd64 1.27.1-1ubuntu0.1 [196 kB]
Get:23 http://archive.ubuntu.com/ubuntu/ trusty-updates/main tzdata all 2019a-0ubuntu0.14.04 [167 kB]
Get:24 http://archive.ubuntu.com/ubuntu/ trusty-updates/main util-linux amd64 2.20.1-5.1ubuntu20.9 [458 kB]
Get:25 http://archive.ubuntu.com/ubuntu/ trusty-updates/main libitm1 amd64 4.8.4-2ubuntu1~14.04.4 [28.6 kB]
Get:26 http://archive.ubuntu.com/ubuntu/ trusty-updates/main libgomp1 amd64 4.8.4-2ubuntu1~14.04.4 [23.1 kB]
Get:27 http://archive.ubuntu.com/ubuntu/ trusty-updates/main libquadmath0 amd64 4.8.4-2ubuntu1~14.04.4 [126 kB]
Get:28 http://archive.ubuntu.com/ubuntu/ trusty-updates/main libgfortran3 amd64 4.8.4-2ubuntu1~14.04.4 [248 kB]
Get:29 http://archive.ubuntu.com/ubuntu/ trusty-updates/main libasan0 amd64 4.8.4-2ubuntu1~14.04.4 [63.1 kB]
Get:30 http://archive.ubuntu.com/ubuntu/ trusty-updates/main libatomic1 amd64 4.8.4-2ubuntu1~14.04.4 [8630 B]
Get:31 http://archive.ubuntu.com/ubuntu/ trusty-updates/main libtsan0 amd64 4.8.4-2ubuntu1~14.04.4 [94.8 kB]
Get:32 http://archive.ubuntu.com/ubuntu/ trusty-updates/main g++-4.8 amd64 4.8.4-2ubuntu1~14.04.4 [18.0 MB]
Get:33 http://archive.ubuntu.com/ubuntu/ trusty-updates/main gcc-4.8 amd64 4.8.4-2ubuntu1~14.04.4 [5040 kB]
Get:34 http://neurodeb.pirsquared.org/ trusty/non-free fsl all 5.0.9-5~nd14.04+1 [21.6 kB]
Get:35 http://archive.ubuntu.com/ubuntu/ trusty-updates/main cpp-4.8 amd64 4.8.4-2ubuntu1~14.04.4 [4452 kB]
Get:36 http://archive.ubuntu.com/ubuntu/ trusty-updates/main libstdc++-4.8-dev amd64 4.8.4-2ubuntu1~14.04.4 [1051 kB]
Get:37 http://archive.ubuntu.com/ubuntu/ trusty-updates/main libgcc-4.8-dev amd64 4.8.4-2ubuntu1~14.04.4 [1688 kB]
Get:38 http://archive.ubuntu.com/ubuntu/ trusty-updates/main gcc-4.8-base amd64 4.8.4-2ubuntu1~14.04.4 [16.7 kB]
Get:39 http://archive.ubuntu.com/ubuntu/ trusty-updates/main libstdc++6 amd64 4.8.4-2ubuntu1~14.04.4 [260 kB]
Get:40 http://archive.ubuntu.com/ubuntu/ trusty-updates/main libapt-pkg4.12 amd64 1.0.1ubuntu2.24 [646 kB]
Get:41 http://archive.ubuntu.com/ubuntu/ trusty-updates/main gpgv amd64 1.4.16-1ubuntu2.6 [161 kB]
Get:42 http://archive.ubuntu.com/ubuntu/ trusty-updates/main gnupg amd64 1.4.16-1ubuntu2.6 [611 kB]
Get:43 http://archive.ubuntu.com/ubuntu/ trusty-updates/main apt amd64 1.0.1ubuntu2.24 [962 kB]
Get:44 http://archive.ubuntu.com/ubuntu/ trusty-updates/main bsdutils amd64 1:2.20.1-5.1ubuntu20.9 [33.9 kB]
Get:45 http://archive.ubuntu.com/ubuntu/ trusty-updates/main passwd amd64 1:4.1.5.1-1ubuntu9.5 [759 kB]
Get:46 http://archive.ubuntu.com/ubuntu/ trusty-updates/main libuuid1 amd64 2.20.1-5.1ubuntu20.9 [10.8 kB]
Get:47 http://archive.ubuntu.com/ubuntu/ trusty-updates/main libblkid1 amd64 2.20.1-5.1ubuntu20.9 [62.6 kB]
Get:48 http://archive.ubuntu.com/ubuntu/ trusty-updates/main libmount1 amd64 2.20.1-5.1ubuntu20.9 [60.3 kB]
Get:49 http://archive.ubuntu.com/ubuntu/ trusty-updates/main libapt-inst1.5 amd64 1.0.1ubuntu2.24 [58.5 kB]
Get:50 http://archive.ubuntu.com/ubuntu/ trusty-updates/main libffi6 amd64 3.1~rc1+r3.0.13-12ubuntu0.2 [17.9 kB]
Get:51 http://archive.ubuntu.com/ubuntu/ trusty-updates/main libgcrypt11 amd64 1.5.3-2ubuntu4.6 [238 kB]
Get:52 http://archive.ubuntu.com/ubuntu/ trusty-updates/main libtasn1-6 amd64 3.4-3ubuntu0.6 [43.6 kB]
Get:53 http://archive.ubuntu.com/ubuntu/ trusty-updates/main libgnutls-openssl27 amd64 2.12.23-12ubuntu2.8 [18.3 kB]
Get:54 http://archive.ubuntu.com/ubuntu/ trusty-updates/main libgnutls26 amd64 2.12.23-12ubuntu2.8 [395 kB]
Get:55 http://archive.ubuntu.com/ubuntu/ trusty-updates/main file amd64 1:5.14-2ubuntu3.4 [19.4 kB]
Get:56 http://archive.ubuntu.com/ubuntu/ trusty-updates/main libmagic1 amd64 1:5.14-2ubuntu3.4 [185 kB]
Get:57 http://archive.ubuntu.com/ubuntu/ trusty-updates/main python3.4 amd64 3.4.3-1ubuntu1~14.04.7 [178 kB]
Get:58 http://archive.ubuntu.com/ubuntu/ trusty-updates/main python3.4-minimal amd64 3.4.3-1ubuntu1~14.04.7 [1224 kB]
Get:59 http://archive.ubuntu.com/ubuntu/ trusty-updates/main libsqlite3-0 amd64 3.8.2-1ubuntu2.2 [342 kB]
Get:60 http://archive.ubuntu.com/ubuntu/ trusty-updates/main libpython3.4-stdlib amd64 3.4.3-1ubuntu1~14.04.7 [1986 kB]
Get:61 http://archive.ubuntu.com/ubuntu/ trusty-updates/main libssl1.0.0 amd64 1.0.1f-1ubuntu2.27 [831 kB]
Get:62 http://archive.ubuntu.com/ubuntu/ trusty-updates/main libpython3.4-minimal amd64 3.4.3-1ubuntu1~14.04.7 [461 kB]
Get:63 http://archive.ubuntu.com/ubuntu/ trusty-updates/main ntpdate amd64 1:4.2.6.p5+dfsg-3ubuntu2.14.04.13 [57.4 kB]
Get:64 http://archive.ubuntu.com/ubuntu/ trusty-updates/main resolvconf all 1.69ubuntu1.4 [55.1 kB]
Get:65 http://archive.ubuntu.com/ubuntu/ trusty-updates/main libdbus-1-3 amd64 1.6.18-0ubuntu4.5 [132 kB]
Get:66 http://archive.ubuntu.com/ubuntu/ trusty-updates/main libdrm2 amd64 2.4.67-1ubuntu0.14.04.2 [27.2 kB]
Get:67 http://archive.ubuntu.com/ubuntu/ trusty-updates/main libkmod2 amd64 15-0ubuntu7 [38.1 kB]
Get:68 http://archive.ubuntu.com/ubuntu/ trusty-updates/main klibc-utils amd64 2.0.3-0ubuntu1.14.04.3 [107 kB]
Get:69 http://archive.ubuntu.com/ubuntu/ trusty-updates/main libklibc amd64 2.0.3-0ubuntu1.14.04.3 [40.6 kB]
Get:70 http://archive.ubuntu.com/ubuntu/ trusty-updates/main libprocps3 amd64 1:3.3.9-1ubuntu2.3 [31.7 kB]
Get:71 http://archive.ubuntu.com/ubuntu/ trusty-updates/main procps amd64 1:3.3.9-1ubuntu2.3 [210 kB]
Get:72 http://archive.ubuntu.com/ubuntu/ trusty-updates/main udev amd64 204-5ubuntu20.31 [736 kB]
Get:73 http://archive.ubuntu.com/ubuntu/ trusty-updates/main libudev1 amd64 204-5ubuntu20.31 [34.1 kB]
Get:74 http://archive.ubuntu.com/ubuntu/ trusty-updates/main initramfs-tools all 0.103ubuntu4.11 [44.6 kB]
Get:75 http://archive.ubuntu.com/ubuntu/ trusty-updates/main initramfs-tools-bin amd64 0.103ubuntu4.11 [8610 B]
Get:76 http://archive.ubuntu.com/ubuntu/ trusty-updates/main busybox-initramfs amd64 1:1.21.0-1ubuntu1.4 [166 kB]
Get:77 http://archive.ubuntu.com/ubuntu/ trusty-updates/main kmod amd64 15-0ubuntu7 [84.9 kB]
Get:78 http://archive.ubuntu.com/ubuntu/ trusty-updates/main module-init-tools all 15-0ubuntu7 [1944 B]
Get:79 http://archive.ubuntu.com/ubuntu/ trusty-updates/main makedev all 2.3.1-93ubuntu2~ubuntu14.04.1 [24.5 kB]
Get:80 http://archive.ubuntu.com/ubuntu/ trusty-updates/main plymouth amd64 0.8.8-0ubuntu17.2 [98.4 kB]
Get:81 http://archive.ubuntu.com/ubuntu/ trusty-updates/main libplymouth2 amd64 0.8.8-0ubuntu17.2 [76.6 kB]
Get:82 http://archive.ubuntu.com/ubuntu/ trusty-updates/main mountall amd64 2.53ubuntu1 [55.6 kB]
Get:83 http://archive.ubuntu.com/ubuntu/ trusty-updates/main libpng12-dev amd64 1.2.50-1ubuntu2.14.04.3 [206 kB]
Get:84 http://archive.ubuntu.com/ubuntu/ trusty-updates/main libpng12-0 amd64 1.2.50-1ubuntu2.14.04.3 [118 kB]
Get:85 http://archive.ubuntu.com/ubuntu/ trusty-updates/main libroken18-heimdal amd64 1.6~git20131207+dfsg-1ubuntu1.2 [39.9 kB]
Get:86 http://archive.ubuntu.com/ubuntu/ trusty-updates/main libasn1-8-heimdal amd64 1.6~git20131207+dfsg-1ubuntu1.2 [160 kB]
Get:87 http://archive.ubuntu.com/ubuntu/ trusty-updates/main libk5crypto3 amd64 1.12+dfsg-2ubuntu5.4 [79.4 kB]
Get:88 http://archive.ubuntu.com/ubuntu/ trusty-updates/main libgssapi-krb5-2 amd64 1.12+dfsg-2ubuntu5.4 [114 kB]
Get:89 http://archive.ubuntu.com/ubuntu/ trusty-updates/main libkrb5-3 amd64 1.12+dfsg-2ubuntu5.4 [262 kB]
Get:90 http://archive.ubuntu.com/ubuntu/ trusty-updates/main libkrb5support0 amd64 1.12+dfsg-2ubuntu5.4 [31.1 kB]
Get:91 http://archive.ubuntu.com/ubuntu/ trusty-updates/main libidn11 amd64 1.28-1ubuntu2.2 [94.6 kB]
Get:92 http://archive.ubuntu.com/ubuntu/ trusty-updates/main libhcrypto4-heimdal amd64 1.6~git20131207+dfsg-1ubuntu1.2 [84.1 kB]
Get:93 http://archive.ubuntu.com/ubuntu/ trusty-updates/main libheimbase1-heimdal amd64 1.6~git20131207+dfsg-1ubuntu1.2 [29.0 kB]
Get:94 http://archive.ubuntu.com/ubuntu/ trusty-updates/main libwind0-heimdal amd64 1.6~git20131207+dfsg-1ubuntu1.2 [47.9 kB]
Get:95 http://archive.ubuntu.com/ubuntu/ trusty-updates/main libhx509-5-heimdal amd64 1.6~git20131207+dfsg-1ubuntu1.2 [104 kB]
Get:96 http://archive.ubuntu.com/ubuntu/ trusty-updates/main libkrb5-26-heimdal amd64 1.6~git20131207+dfsg-1ubuntu1.2 [196 kB]
Get:97 http://archive.ubuntu.com/ubuntu/ trusty-updates/main libheimntlm0-heimdal amd64 1.6~git20131207+dfsg-1ubuntu1.2 [15.2 kB]
Get:98 http://archive.ubuntu.com/ubuntu/ trusty-updates/main libgssapi3-heimdal amd64 1.6~git20131207+dfsg-1ubuntu1.2 [89.7 kB]
Get:99 http://archive.ubuntu.com/ubuntu/ trusty-updates/main libldap-2.4-2 amd64 2.4.31-1+nmu2ubuntu8.5 [153 kB]
Get:100 http://archive.ubuntu.com/ubuntu/ trusty-updates/main librtmp0 amd64 2.4+20121230.gitdf6c518-1ubuntu0.1 [50.4 kB]
Get:101 http://archive.ubuntu.com/ubuntu/ trusty-updates/main libcurl3-gnutls amd64 7.35.0-1ubuntu2.20 [166 kB]
Get:102 http://archive.ubuntu.com/ubuntu/ trusty-updates/main libelf1 amd64 0.158-0ubuntu5.3 [38.3 kB]
Get:103 http://archive.ubuntu.com/ubuntu/ trusty-updates/main libglib2.0-0 amd64 2.40.2-0ubuntu1.1 [1059 kB]
Get:104 http://archive.ubuntu.com/ubuntu/ trusty-updates/main libx11-data all 2:1.6.2-1ubuntu2.1 [111 kB]
Get:105 http://archive.ubuntu.com/ubuntu/ trusty-updates/main libx11-6 amd64 2:1.6.2-1ubuntu2.1 [561 kB]
Get:106 http://archive.ubuntu.com/ubuntu/ trusty-updates/main libxml2 amd64 2.9.1+dfsg1-3ubuntu4.13 [573 kB]
Get:107 http://archive.ubuntu.com/ubuntu/ trusty-updates/main libavahi-common-data amd64 0.6.31-4ubuntu1.3 [21.1 kB]
Get:108 http://archive.ubuntu.com/ubuntu/ trusty-updates/main libavahi-common3 amd64 0.6.31-4ubuntu1.3 [21.7 kB]
Get:109 http://archive.ubuntu.com/ubuntu/ trusty-updates/main libavahi-client3 amd64 0.6.31-4ubuntu1.3 [25.2 kB]
Get:110 http://archive.ubuntu.com/ubuntu/ trusty-updates/universe libavutil52 amd64 6:9.20-0ubuntu0.14.04.1 [66.9 kB]
Get:111 http://archive.ubuntu.com/ubuntu/ trusty-updates/main libvorbisenc2 amd64 1.3.2-1.3ubuntu1.2 [84.6 kB]
Get:112 http://archive.ubuntu.com/ubuntu/ trusty-updates/main libvorbis0a amd64 1.3.2-1.3ubuntu1.2 [87.2 kB]
Get:113 http://archive.ubuntu.com/ubuntu/ trusty-updates/universe libavcodec54 amd64 6:9.20-0ubuntu0.14.04.1 [2350 kB]
Get:114 http://archive.ubuntu.com/ubuntu/ trusty-updates/universe libavformat54 amd64 6:9.20-0ubuntu0.14.04.1 [481 kB]
Get:115 http://archive.ubuntu.com/ubuntu/ trusty-updates/main libcaca0 amd64 0.99.beta18-1ubuntu5.1 [202 kB]
Get:116 http://archive.ubuntu.com/ubuntu/ trusty-updates/main libcups2 amd64 1.7.2-0ubuntu1.11 [178 kB]
Get:117 http://archive.ubuntu.com/ubuntu/ trusty-updates/main libcurl3 amd64 7.35.0-1ubuntu2.20 [173 kB]
Get:118 http://archive.ubuntu.com/ubuntu/ trusty-updates/main libdrm-intel1 amd64 2.4.67-1ubuntu0.14.04.2 [55.3 kB]
Get:119 http://archive.ubuntu.com/ubuntu/ trusty-updates/main libdrm-nouveau2 amd64 2.4.67-1ubuntu0.14.04.2 [16.0 kB]
Get:120 http://archive.ubuntu.com/ubuntu/ trusty-updates/main libdrm-radeon1 amd64 2.4.67-1ubuntu0.14.04.2 [21.2 kB]
Get:121 http://archive.ubuntu.com/ubuntu/ trusty-updates/main libtiff5 amd64 4.0.3-7ubuntu0.11 [147 kB]
Get:122 http://archive.ubuntu.com/ubuntu/ trusty-updates/main libxpm4 amd64 1:3.5.10-1ubuntu0.1 [33.2 kB]
Get:123 http://archive.ubuntu.com/ubuntu/ trusty-updates/main libgd3 amd64 2.1.0-3ubuntu0.11 [123 kB]
Get:124 http://archive.ubuntu.com/ubuntu/ trusty-updates/main libgdk-pixbuf2.0-0 amd64 2.30.7-0ubuntu1.8 [161 kB]
Get:125 http://archive.ubuntu.com/ubuntu/ trusty-updates/main libgdk-pixbuf2.0-common all 2.30.7-0ubuntu1.8 [9338 B]
Get:126 http://archive.ubuntu.com/ubuntu/ trusty-updates/main libjasper1 amd64 1.900.1-14ubuntu3.5 [131 kB]
Get:127 http://archive.ubuntu.com/ubuntu/ trusty-updates/main libgraphite2-3 amd64 1.3.10-0ubuntu0.14.04.1 [72.3 kB]
Get:128 http://archive.ubuntu.com/ubuntu/ trusty-updates/main libgstreamer1.0-0 amd64 1.2.4-0ubuntu1.1 [598 kB]
Get:129 http://archive.ubuntu.com/ubuntu/ trusty-updates/main libgstreamer-plugins-base1.0-0 amd64 1.2.4-1~ubuntu2.1 [436 kB]
Get:130 http://archive.ubuntu.com/ubuntu/ trusty-updates/universe libhdf5-7 amd64 1.8.11-5ubuntu7.1 [1189 kB]
Get:131 http://archive.ubuntu.com/ubuntu/ trusty-updates/main libicu52 amd64 52.1-3ubuntu0.8 [6751 kB]
Get:132 http://archive.ubuntu.com/ubuntu/ trusty-updates/main libjpeg-turbo8 amd64 1.3.0-0ubuntu2.1 [104 kB]
Get:133 http://archive.ubuntu.com/ubuntu/ trusty-updates/main liblcms2-2 amd64 2.5-0ubuntu4.2 [131 kB]
Get:134 http://archive.ubuntu.com/ubuntu/ trusty-updates/main mysql-common all 5.5.62-0ubuntu0.14.04.1 [12.6 kB]
Get:135 http://archive.ubuntu.com/ubuntu/ trusty-updates/main libmysqlclient18 amd64 5.5.62-0ubuntu0.14.04.1 [598 kB]
Get:136 http://archive.ubuntu.com/ubuntu/ trusty-updates/main libpixman-1-0 amd64 0.30.2-2ubuntu1.2 [226 kB]
Get:137 http://archive.ubuntu.com/ubuntu/ trusty-updates/main python2.7-dev amd64 2.7.6-8ubuntu0.5 [269 kB]
Get:138 http://archive.ubuntu.com/ubuntu/ trusty-updates/main libpython2.7-dev amd64 2.7.6-8ubuntu0.5 [22.0 MB]
Get:139 http://archive.ubuntu.com/ubuntu/ trusty-updates/main python2.7 amd64 2.7.6-8ubuntu0.5 [197 kB]
Get:140 http://archive.ubuntu.com/ubuntu/ trusty-updates/main libpython2.7 amd64 2.7.6-8ubuntu0.5 [1041 kB]
Get:141 http://archive.ubuntu.com/ubuntu/ trusty-updates/main libpython2.7-stdlib amd64 2.7.6-8ubuntu0.5 [1872 kB]
Get:142 http://archive.ubuntu.com/ubuntu/ trusty-updates/main python2.7-minimal amd64 2.7.6-8ubuntu0.5 [1186 kB]
Get:143 http://archive.ubuntu.com/ubuntu/ trusty-updates/main libpython2.7-minimal amd64 2.7.6-8ubuntu0.5 [308 kB]
Get:144 http://archive.ubuntu.com/ubuntu/ trusty-updates/main libsoup2.4-1 amd64 2.44.2-1ubuntu2.3 [237 kB]
Get:145 http://archive.ubuntu.com/ubuntu/ trusty-updates/universe libswscale2 amd64 6:9.20-0ubuntu0.14.04.1 [81.7 kB]
Get:146 http://archive.ubuntu.com/ubuntu/ trusty-updates/main libwavpack1 amd64 4.70.0-1ubuntu0.2 [74.7 kB]
Get:147 http://archive.ubuntu.com/ubuntu/ trusty-updates/main libx11-xcb1 amd64 2:1.6.2-1ubuntu2.1 [9350 B]
Get:148 http://archive.ubuntu.com/ubuntu/ trusty-updates/main libxcursor1 amd64 1:1.1.14-1ubuntu0.14.04.2 [19.8 kB]
Get:149 http://archive.ubuntu.com/ubuntu/ trusty-updates/main libxslt1.1 amd64 1.1.28-2ubuntu0.2 [146 kB]
Get:150 http://archive.ubuntu.com/ubuntu/ trusty-updates/main libyaml-0-2 amd64 0.1.4-3ubuntu3.1 [48.1 kB]
Get:151 http://archive.ubuntu.com/ubuntu/ trusty-updates/main gstreamer1.0-plugins-base amd64 1.2.4-1~ubuntu2.1 [485 kB]
Get:152 http://archive.ubuntu.com/ubuntu/ trusty-updates/main gstreamer1.0-plugins-good amd64 1.2.4-1~ubuntu1.4 [1289 kB]
Get:153 http://archive.ubuntu.com/ubuntu/ trusty-updates/main libgstreamer-plugins-good1.0-0 amd64 1.2.4-1~ubuntu1.4 [32.3 kB]
Get:154 http://archive.ubuntu.com/ubuntu/ trusty-updates/main multiarch-support amd64 2.19-0ubuntu6.15 [4490 B]
Get:155 http://archive.ubuntu.com/ubuntu/ trusty-updates/main sensible-utils all 0.0.9ubuntu0.14.04.1 [10.0 kB]
Get:156 http://archive.ubuntu.com/ubuntu/ trusty-updates/main apt-utils amd64 1.0.1ubuntu2.24 [172 kB]
Get:157 http://archive.ubuntu.com/ubuntu/ trusty-updates/main eject amd64 2.1.5+deb1+cvs20081104-13.1ubuntu0.14.04.1 [23.4 kB]
Get:158 http://archive.ubuntu.com/ubuntu/ trusty-updates/main iproute2 amd64 3.12.0-2ubuntu1.2 [401 kB]
Get:159 http://archive.ubuntu.com/ubuntu/ trusty-updates/main ifupdown amd64 0.7.47.2ubuntu4.5 [53.3 kB]
Get:160 http://archive.ubuntu.com/ubuntu/ trusty-updates/main isc-dhcp-client amd64 4.2.4-7ubuntu12.13 [640 kB]
Get:161 http://archive.ubuntu.com/ubuntu/ trusty-updates/main isc-dhcp-common amd64 4.2.4-7ubuntu12.13 [709 kB]
Get:162 http://archive.ubuntu.com/ubuntu/ trusty-updates/main logrotate amd64 3.8.7-1ubuntu1.2 [38.4 kB]
Get:163 http://archive.ubuntu.com/ubuntu/ trusty-updates/main rsyslog amd64 7.4.4-1ubuntu2.7 [353 kB]
Get:164 http://archive.ubuntu.com/ubuntu/ trusty-updates/main sudo amd64 1.8.9p5-1ubuntu1.4 [342 kB]
Get:165 http://archive.ubuntu.com/ubuntu/ trusty-updates/main python3-yaml amd64 3.10-4ubuntu0.1 [92.7 kB]
Get:166 http://archive.ubuntu.com/ubuntu/ trusty-updates/main python3-pkg-resources all 3.3-1ubuntu2 [31.7 kB]
Get:167 http://archive.ubuntu.com/ubuntu/ trusty-updates/main apt-transport-https amd64 1.0.1ubuntu2.24 [25.7 kB]
Get:168 http://archive.ubuntu.com/ubuntu/ trusty-updates/main ubuntu-advantage-tools amd64 19.6~ubuntu14.04.4 [47.3 kB]
Get:169 http://archive.ubuntu.com/ubuntu/ trusty-updates/main vim-tiny amd64 2:7.4.052-1ubuntu3.1 [391 kB]
Get:170 http://archive.ubuntu.com/ubuntu/ trusty-updates/main vim-common amd64 2:7.4.052-1ubuntu3.1 [95.2 kB]
Get:171 http://archive.ubuntu.com/ubuntu/ trusty-updates/main ubuntu-minimal amd64 1.325.1 [2658 B]
Get:172 http://archive.ubuntu.com/ubuntu/ trusty-updates/main openssl amd64 1.0.1f-1ubuntu2.27 [489 kB]
Get:173 http://archive.ubuntu.com/ubuntu/ trusty-updates/main ca-certificates all 20170717~14.04.2 [166 kB]
Get:174 http://archive.ubuntu.com/ubuntu/ trusty-updates/main krb5-locales all 1.12+dfsg-2ubuntu5.4 [14.0 kB]
Get:175 http://archive.ubuntu.com/ubuntu/ trusty-updates/main libglib2.0-data all 2.40.2-0ubuntu1.1 [116 kB]
Get:176 http://archive.ubuntu.com/ubuntu/ trusty-updates/main wget amd64 1.15-1ubuntu1.14.04.5 [270 kB]
Get:177 http://archive.ubuntu.com/ubuntu/ trusty-updates/main gstreamer1.0-x amd64 1.2.4-1~ubuntu2.1 [64.6 kB]
Get:178 http://archive.ubuntu.com/ubuntu/ trusty-updates/main libpq5 amd64 9.3.24-0ubuntu0.14.04 [78.5 kB]
Get:179 http://archive.ubuntu.com/ubuntu/ trusty-updates/universe libtorque2 amd64 2.4.16+dfsg-1.3ubuntu1.1 [76.6 kB]
Get:180 http://archive.ubuntu.com/ubuntu/ trusty-updates/universe python-matplotlib-data all 1.3.1-1ubuntu5.1 [2391 kB]
Get:181 http://archive.ubuntu.com/ubuntu/ trusty-updates/universe python-matplotlib amd64 1.3.1-1ubuntu5.1 [1420 kB]
Get:182 http://archive.ubuntu.com/ubuntu/ trusty-updates/universe suckless-tools amd64 40-1+deb8u2build0.14.04.1 [50.8 kB]
debconf: unable to initialize frontend: Dialog
debconf: (TERM is not set, so the dialog frontend is not usable.)
debconf: falling back to frontend: Readline
debconf: unable to initialize frontend: Readline
debconf: (This frontend requires a controlling tty.)
debconf: falling back to frontend: Teletype
dpkg-preconfigure: unable to re-open stdin: 
Fetched 135 MB in 2min 11s (1031 kB/s)
(Reading database ... 30252 files and directories currently installed.)
Preparing to unpack .../base-files_7.2ubuntu5.6_amd64.deb ...
[s[0;0f[42m[30mProgress: [  0%][49m[39m  [uUnpacking base-files (7.2ubuntu5.6) over (7.2ubuntu5.5) ...
Setting up base-files (7.2ubuntu5.6) ...
Installing new version of config file /etc/issue ...
Installing new version of config file /etc/issue.net ...
Installing new version of config file /etc/lsb-release ...
Installing new version of config file /etc/os-release ...
(Reading database ... 30252 files and directories currently installed.)
Preparing to unpack .../bash_4.3-7ubuntu1.7_amd64.deb ...
Unpacking bash (4.3-7ubuntu1.7) over (4.3-7ubuntu1.5) ...
Setting up bash (4.3-7ubuntu1.7) ...
update-alternatives: using /usr/share/man/man7/bash-builtins.7.gz to provide /usr/share/man/man7/builtins.7.gz (builtins.7.gz) in auto mode
[s[0;0f[42m[30mProgress: [  1%][49m[39m  [u(Reading database ... 30252 files and directories currently installed.)
Preparing to unpack .../dpkg_1.17.5ubuntu5.8_amd64.deb ...
Unpacking dpkg (1.17.5ubuntu5.8) over (1.17.5ubuntu5.7) ...
Setting up dpkg (1.17.5ubuntu5.8) ...
(Reading database ... 30252 files and directories currently installed.)
Preparing to unpack .../login_1%3a4.1.5.1-1ubuntu9.5_amd64.deb ...
Unpacking login (1:4.1.5.1-1ubuntu9.5) over (1:4.1.5.1-1ubuntu9.2) ...
Setting up login (1:4.1.5.1-1ubuntu9.5) ...
[s[0;0f[42m[30mProgress: [  2%][49m[39m  [u(Reading database ... 30252 files and directories currently installed.)
Preparing to unpack .../mount_2.20.1-5.1ubuntu20.9_amd64.deb ...
Unpacking mount (2.20.1-5.1ubuntu20.9) over (2.20.1-5.1ubuntu20.7) ...
Setting up mount (2.20.1-5.1ubuntu20.9) ...
(Reading database ... 30252 files and directories currently installed.)
Preparing to unpack .../perl_5.18.2-2ubuntu1.7_amd64.deb ...
Unpacking perl (5.18.2-2ubuntu1.7) over (5.18.2-2ubuntu1.1) ...
[s[0;0f[42m[30mProgress: [  3%][49m[39m  [uPreparing to unpack .../perl-base_5.18.2-2ubuntu1.7_amd64.deb ...
Unpacking perl-base (5.18.2-2ubuntu1.7) over (5.18.2-2ubuntu1.1) ...
Setting up perl-base (5.18.2-2ubuntu1.7) ...
(Reading database ... 30252 files and directories currently installed.)
Preparing to unpack .../perl-modules_5.18.2-2ubuntu1.7_all.deb ...
Unpacking perl-modules (5.18.2-2ubuntu1.7) over (5.18.2-2ubuntu1.1) ...
Preparing to unpack .../libc-bin_2.19-0ubuntu6.15_amd64.deb ...
[s[0;0f[42m[30mProgress: [  4%][49m[39m  [uUnpacking libc-bin (2.19-0ubuntu6.15) over (2.19-0ubuntu6.9) ...
Setting up libc-bin (2.19-0ubuntu6.15) ...
(Reading database ... 30252 files and directories currently installed.)
Preparing to unpack .../libc6-dev_2.19-0ubuntu6.15_amd64.deb ...
Unpacking libc6-dev:amd64 (2.19-0ubuntu6.15) over (2.19-0ubuntu6.14) ...
Preparing to unpack .../libc-dev-bin_2.19-0ubuntu6.15_amd64.deb ...
Unpacking libc-dev-bin (2.19-0ubuntu6.15) over (2.19-0ubuntu6.14) ...
[s[0;0f[42m[30mProgress: [  5%][49m[39m  [uPreparing to unpack .../linux-libc-dev_3.13.0-170.220_amd64.deb ...
Unpacking linux-libc-dev:amd64 (3.13.0-170.220) over (3.13.0-139.188) ...
Preparing to unpack .../libc6_2.19-0ubuntu6.15_amd64.deb ...
debconf: unable to initialize frontend: Dialog
debconf: (TERM is not set, so the dialog frontend is not usable.)
debconf: falling back to frontend: Readline
debconf: unable to initialize frontend: Readline
debconf: (This frontend requires a controlling tty.)
debconf: falling back to frontend: Teletype
Unpacking libc6:amd64 (2.19-0ubuntu6.15) over (2.19-0ubuntu6.14) ...
Setting up libc6:amd64 (2.19-0ubuntu6.15) ...
debconf: unable to initialize frontend: Dialog
debconf: (TERM is not set, so the dialog frontend is not usable.)
debconf: falling back to frontend: Readline
debconf: unable to initialize frontend: Readline
debconf: (This frontend requires a controlling tty.)
debconf: falling back to frontend: Teletype
[s[0;0f[42m[30mProgress: [  6%][49m[39m  [uProcessing triggers for libc-bin (2.19-0ubuntu6.15) ...
(Reading database ... 30252 files and directories currently installed.)
Preparing to unpack .../libdb5.3_5.3.28-3ubuntu3.1_amd64.deb ...
Unpacking libdb5.3:amd64 (5.3.28-3ubuntu3.1) over (5.3.28-3ubuntu3) ...
Setting up libdb5.3:amd64 (5.3.28-3ubuntu3.1) ...
Processing triggers for libc-bin (2.19-0ubuntu6.15) ...
(Reading database ... 30252 files and directories currently installed.)
Preparing to unpack .../zlib1g-dev_1%3a1.2.8.dfsg-1ubuntu1.1_amd64.deb ...
Unpacking zlib1g-dev:amd64 (1:1.2.8.dfsg-1ubuntu1.1) over (1:1.2.8.dfsg-1ubuntu1) ...
Preparing to unpack .../zlib1g_1%3a1.2.8.dfsg-1ubuntu1.1_amd64.deb ...
Unpacking zlib1g:amd64 (1:1.2.8.dfsg-1ubuntu1.1) over (1:1.2.8.dfsg-1ubuntu1) ...
[s[0;0f[42m[30mProgress: [  7%][49m[39m  [uSetting up zlib1g:amd64 (1:1.2.8.dfsg-1ubuntu1.1) ...
Processing triggers for libc-bin (2.19-0ubuntu6.15) ...
(Reading database ... 30252 files and directories currently installed.)
Preparing to unpack .../tar_1.27.1-1ubuntu0.1_amd64.deb ...
Unpacking tar (1.27.1-1ubuntu0.1) over (1.27.1-1) ...
Processing triggers for mime-support (3.54ubuntu1.1) ...
Setting up tar (1.27.1-1ubuntu0.1) ...
(Reading database ... 30252 files and directories currently installed.)
Preparing to unpack .../tzdata_2019a-0ubuntu0.14.04_all.deb ...
[s[0;0f[42m[30mProgress: [  8%][49m[39m  [uUnpacking tzdata (2019a-0ubuntu0.14.04) over (2016f-0ubuntu0.14.04) ...
Setting up tzdata (2019a-0ubuntu0.14.04) ...
debconf: unable to initialize frontend: Dialog
debconf: (TERM is not set, so the dialog frontend is not usable.)
debconf: falling back to frontend: Readline
debconf: unable to initialize frontend: Readline
debconf: (This frontend requires a controlling tty.)
debconf: falling back to frontend: Teletype

Current default time zone: 'Etc/UTC'
Local time is now:      Sat May  9 16:52:08 UTC 2020.
Universal Time is now:  Sat May  9 16:52:08 UTC 2020.
Run 'dpkg-reconfigure tzdata' if you wish to change it.

(Reading database ... 30267 files and directories currently installed.)
Preparing to unpack .../util-linux_2.20.1-5.1ubuntu20.9_amd64.deb ...
Unpacking util-linux (2.20.1-5.1ubuntu20.9) over (2.20.1-5.1ubuntu20.7) ...
Processing triggers for mime-support (3.54ubuntu1.1) ...
Processing triggers for ureadahead (0.100.0-16) ...
Setting up util-linux (2.20.1-5.1ubuntu20.9) ...
[s[0;0f[42m[30mProgress: [  9%][49m[39m  [u(Reading database ... 30267 files and directories currently installed.)
Preparing to unpack .../libitm1_4.8.4-2ubuntu1~14.04.4_amd64.deb ...
Unpacking libitm1:amd64 (4.8.4-2ubuntu1~14.04.4) over (4.8.4-2ubuntu1~14.04.3) ...
Preparing to unpack .../libgomp1_4.8.4-2ubuntu1~14.04.4_amd64.deb ...
Unpacking libgomp1:amd64 (4.8.4-2ubuntu1~14.04.4) over (4.8.4-2ubuntu1~14.04.3) ...
Preparing to unpack .../libquadmath0_4.8.4-2ubuntu1~14.04.4_amd64.deb ...
Unpacking libquadmath0:amd64 (4.8.4-2ubuntu1~14.04.4) over (4.8.4-2ubuntu1~14.04.3) ...
[s[0;0f[42m[30mProgress: [ 10%][49m[39m  [uPreparing to unpack .../libgfortran3_4.8.4-2ubuntu1~14.04.4_amd64.deb ...
Unpacking libgfortran3:amd64 (4.8.4-2ubuntu1~14.04.4) over (4.8.4-2ubuntu1~14.04.3) ...
Preparing to unpack .../libasan0_4.8.4-2ubuntu1~14.04.4_amd64.deb ...
Unpacking libasan0:amd64 (4.8.4-2ubuntu1~14.04.4) over (4.8.4-2ubuntu1~14.04.3) ...
Preparing to unpack .../libatomic1_4.8.4-2ubuntu1~14.04.4_amd64.deb ...
Unpacking libatomic1:amd64 (4.8.4-2ubuntu1~14.04.4) over (4.8.4-2ubuntu1~14.04.3) ...
[s[0;0f[42m[30mProgress: [ 11%][49m[39m  [uPreparing to unpack .../libtsan0_4.8.4-2ubuntu1~14.04.4_amd64.deb ...
Unpacking libtsan0:amd64 (4.8.4-2ubuntu1~14.04.4) over (4.8.4-2ubuntu1~14.04.3) ...
Preparing to unpack .../g++-4.8_4.8.4-2ubuntu1~14.04.4_amd64.deb ...
Unpacking g++-4.8 (4.8.4-2ubuntu1~14.04.4) over (4.8.4-2ubuntu1~14.04.3) ...
Preparing to unpack .../gcc-4.8_4.8.4-2ubuntu1~14.04.4_amd64.deb ...
Unpacking gcc-4.8 (4.8.4-2ubuntu1~14.04.4) over (4.8.4-2ubuntu1~14.04.3) ...
[s[0;0f[42m[30mProgress: [ 12%][49m[39m  [uPreparing to unpack .../cpp-4.8_4.8.4-2ubuntu1~14.04.4_amd64.deb ...
Unpacking cpp-4.8 (4.8.4-2ubuntu1~14.04.4) over (4.8.4-2ubuntu1~14.04.3) ...
Preparing to unpack .../libstdc++-4.8-dev_4.8.4-2ubuntu1~14.04.4_amd64.deb ...
Unpacking libstdc++-4.8-dev:amd64 (4.8.4-2ubuntu1~14.04.4) over (4.8.4-2ubuntu1~14.04.3) ...
Preparing to unpack .../libgcc-4.8-dev_4.8.4-2ubuntu1~14.04.4_amd64.deb ...
Unpacking libgcc-4.8-dev:amd64 (4.8.4-2ubuntu1~14.04.4) over (4.8.4-2ubuntu1~14.04.3) ...
[s[0;0f[42m[30mProgress: [ 13%][49m[39m  [uPreparing to unpack .../gcc-4.8-base_4.8.4-2ubuntu1~14.04.4_amd64.deb ...
Unpacking gcc-4.8-base:amd64 (4.8.4-2ubuntu1~14.04.4) over (4.8.4-2ubuntu1~14.04.3) ...
Setting up gcc-4.8-base:amd64 (4.8.4-2ubuntu1~14.04.4) ...
(Reading database ... 30267 files and directories currently installed.)
Preparing to unpack .../libstdc++6_4.8.4-2ubuntu1~14.04.4_amd64.deb ...
Unpacking libstdc++6:amd64 (4.8.4-2ubuntu1~14.04.4) over (4.8.4-2ubuntu1~14.04.3) ...
Setting up libstdc++6:amd64 (4.8.4-2ubuntu1~14.04.4) ...
[s[0;0f[42m[30mProgress: [ 14%][49m[39m  [uProcessing triggers for libc-bin (2.19-0ubuntu6.15) ...
(Reading database ... 30267 files and directories currently installed.)
Preparing to unpack .../libapt-pkg4.12_1.0.1ubuntu2.24_amd64.deb ...
Unpacking libapt-pkg4.12:amd64 (1.0.1ubuntu2.24) over (1.0.1ubuntu2.14) ...
Setting up libapt-pkg4.12:amd64 (1.0.1ubuntu2.24) ...
Processing triggers for libc-bin (2.19-0ubuntu6.15) ...
(Reading database ... 30267 files and directories currently installed.)
Preparing to unpack .../gpgv_1.4.16-1ubuntu2.6_amd64.deb ...
Unpacking gpgv (1.4.16-1ubuntu2.6) over (1.4.16-1ubuntu2.4) ...
Setting up gpgv (1.4.16-1ubuntu2.6) ...
[s[0;0f[42m[30mProgress: [ 15%][49m[39m  [u(Reading database ... 30267 files and directories currently installed.)
Preparing to unpack .../gnupg_1.4.16-1ubuntu2.6_amd64.deb ...
Unpacking gnupg (1.4.16-1ubuntu2.6) over (1.4.16-1ubuntu2.4) ...
Setting up gnupg (1.4.16-1ubuntu2.6) ...
(Reading database ... 30267 files and directories currently installed.)
Preparing to unpack .../apt_1.0.1ubuntu2.24_amd64.deb ...
Unpacking apt (1.0.1ubuntu2.24) over (1.0.1ubuntu2.14) ...
[s[0;0f[42m[30mProgress: [ 16%][49m[39m  [uSetting up apt (1.0.1ubuntu2.24) ...
Installing new version of config file /etc/apt/apt.conf.d/01autoremove ...
Processing triggers for libc-bin (2.19-0ubuntu6.15) ...
(Reading database ... 30268 files and directories currently installed.)
Preparing to unpack .../bsdutils_1%3a2.20.1-5.1ubuntu20.9_amd64.deb ...
Unpacking bsdutils (1:2.20.1-5.1ubuntu20.9) over (1:2.20.1-5.1ubuntu20.7) ...
Setting up bsdutils (1:2.20.1-5.1ubuntu20.9) ...
(Reading database ... 30268 files and directories currently installed.)
Preparing to unpack .../passwd_1%3a4.1.5.1-1ubuntu9.5_amd64.deb ...
Unpacking passwd (1:4.1.5.1-1ubuntu9.5) over (1:4.1.5.1-1ubuntu9.2) ...
[s[0;0f[42m[30mProgress: [ 17%][49m[39m  [uProcessing triggers for ureadahead (0.100.0-16) ...
Setting up passwd (1:4.1.5.1-1ubuntu9.5) ...
(Reading database ... 30268 files and directories currently installed.)
Preparing to unpack .../libuuid1_2.20.1-5.1ubuntu20.9_amd64.deb ...
Unpacking libuuid1:amd64 (2.20.1-5.1ubuntu20.9) over (2.20.1-5.1ubuntu20.7) ...
Setting up libuuid1:amd64 (2.20.1-5.1ubuntu20.9) ...
Processing triggers for libc-bin (2.19-0ubuntu6.15) ...
(Reading database ... 30268 files and directories currently installed.)
Preparing to unpack .../libblkid1_2.20.1-5.1ubuntu20.9_amd64.deb ...
[s[0;0f[42m[30mProgress: [ 18%][49m[39m  [uUnpacking libblkid1:amd64 (2.20.1-5.1ubuntu20.9) over (2.20.1-5.1ubuntu20.7) ...
Setting up libblkid1:amd64 (2.20.1-5.1ubuntu20.9) ...
Processing triggers for libc-bin (2.19-0ubuntu6.15) ...
(Reading database ... 30268 files and directories currently installed.)
Preparing to unpack .../libmount1_2.20.1-5.1ubuntu20.9_amd64.deb ...
Unpacking libmount1:amd64 (2.20.1-5.1ubuntu20.9) over (2.20.1-5.1ubuntu20.7) ...
Setting up libmount1:amd64 (2.20.1-5.1ubuntu20.9) ...
[s[0;0f[42m[30mProgress: [ 19%][49m[39m  [uProcessing triggers for libc-bin (2.19-0ubuntu6.15) ...
(Reading database ... 30268 files and directories currently installed.)
Preparing to unpack .../libapt-inst1.5_1.0.1ubuntu2.24_amd64.deb ...
Unpacking libapt-inst1.5:amd64 (1.0.1ubuntu2.24) over (1.0.1ubuntu2.14) ...
Preparing to unpack .../libffi6_3.1~rc1+r3.0.13-12ubuntu0.2_amd64.deb ...
Unpacking libffi6:amd64 (3.1~rc1+r3.0.13-12ubuntu0.2) over (3.1~rc1+r3.0.13-12ubuntu0.1) ...
Preparing to unpack .../libgcrypt11_1.5.3-2ubuntu4.6_amd64.deb ...
Unpacking libgcrypt11:amd64 (1.5.3-2ubuntu4.6) over (1.5.3-2ubuntu4.4) ...
[s[0;0f[42m[30mProgress: [ 20%][49m[39m  [uPreparing to unpack .../libtasn1-6_3.4-3ubuntu0.6_amd64.deb ...
Unpacking libtasn1-6:amd64 (3.4-3ubuntu0.6) over (3.4-3ubuntu0.4) ...
Preparing to unpack .../libgnutls-openssl27_2.12.23-12ubuntu2.8_amd64.deb ...
Unpacking libgnutls-openssl27:amd64 (2.12.23-12ubuntu2.8) over (2.12.23-12ubuntu2.5) ...
Preparing to unpack .../libgnutls26_2.12.23-12ubuntu2.8_amd64.deb ...
Unpacking libgnutls26:amd64 (2.12.23-12ubuntu2.8) over (2.12.23-12ubuntu2.5) ...
Preparing to unpack .../file_1%3a5.14-2ubuntu3.4_amd64.deb ...
[s[0;0f[42m[30mProgress: [ 21%][49m[39m  [uUnpacking file (1:5.14-2ubuntu3.4) over (1:5.14-2ubuntu3.3) ...
Preparing to unpack .../libmagic1_1%3a5.14-2ubuntu3.4_amd64.deb ...
Unpacking libmagic1:amd64 (1:5.14-2ubuntu3.4) over (1:5.14-2ubuntu3.3) ...
Preparing to unpack .../python3.4_3.4.3-1ubuntu1~14.04.7_amd64.deb ...
Unpacking python3.4 (3.4.3-1ubuntu1~14.04.7) over (3.4.3-1ubuntu1~14.04.4) ...
Preparing to unpack .../python3.4-minimal_3.4.3-1ubuntu1~14.04.7_amd64.deb ...
[s[0;0f[42m[30mProgress: [ 22%][49m[39m  [uUnpacking python3.4-minimal (3.4.3-1ubuntu1~14.04.7) over (3.4.3-1ubuntu1~14.04.4) ...
Preparing to unpack .../libsqlite3-0_3.8.2-1ubuntu2.2_amd64.deb ...
Unpacking libsqlite3-0:amd64 (3.8.2-1ubuntu2.2) over (3.8.2-1ubuntu2.1) ...
Preparing to unpack .../libpython3.4-stdlib_3.4.3-1ubuntu1~14.04.7_amd64.deb ...
Unpacking libpython3.4-stdlib:amd64 (3.4.3-1ubuntu1~14.04.7) over (3.4.3-1ubuntu1~14.04.4) ...
Preparing to unpack .../libssl1.0.0_1.0.1f-1ubuntu2.27_amd64.deb ...
[s[0;0f[42m[30mProgress: [ 23%][49m[39m  [uUnpacking libssl1.0.0:amd64 (1.0.1f-1ubuntu2.27) over (1.0.1f-1ubuntu2.21) ...
Preparing to unpack .../libpython3.4-minimal_3.4.3-1ubuntu1~14.04.7_amd64.deb ...
Unpacking libpython3.4-minimal:amd64 (3.4.3-1ubuntu1~14.04.7) over (3.4.3-1ubuntu1~14.04.4) ...
Preparing to unpack .../ntpdate_1%3a4.2.6.p5+dfsg-3ubuntu2.14.04.13_amd64.deb ...
Unpacking ntpdate (1:4.2.6.p5+dfsg-3ubuntu2.14.04.13) over (1:4.2.6.p5+dfsg-3ubuntu2.14.04.10) ...
Preparing to unpack .../resolvconf_1.69ubuntu1.4_all.deb ...
[s[0;0f[42m[30mProgress: [ 24%][49m[39m  [uUnpacking resolvconf (1.69ubuntu1.4) over (1.69ubuntu1.1) ...
debconf: unable to initialize frontend: Dialog
debconf: (TERM is not set, so the dialog frontend is not usable.)
debconf: falling back to frontend: Readline
debconf: unable to initialize frontend: Readline
debconf: (This frontend requires a controlling tty.)
debconf: falling back to frontend: Teletype
Preparing to unpack .../libdbus-1-3_1.6.18-0ubuntu4.5_amd64.deb ...
Unpacking libdbus-1-3:amd64 (1.6.18-0ubuntu4.5) over (1.6.18-0ubuntu4.3) ...
Preparing to unpack .../libdrm2_2.4.67-1ubuntu0.14.04.2_amd64.deb ...
Unpacking libdrm2:amd64 (2.4.67-1ubuntu0.14.04.2) over (2.4.67-1ubuntu0.14.04.1) ...
Preparing to unpack .../libkmod2_15-0ubuntu7_amd64.deb ...
[s[0;0f[42m[30mProgress: [ 25%][49m[39m  [uUnpacking libkmod2:amd64 (15-0ubuntu7) over (15-0ubuntu6) ...
Preparing to unpack .../klibc-utils_2.0.3-0ubuntu1.14.04.3_amd64.deb ...
Unpacking klibc-utils (2.0.3-0ubuntu1.14.04.3) over (2.0.3-0ubuntu1.14.04.1) ...
Preparing to unpack .../libklibc_2.0.3-0ubuntu1.14.04.3_amd64.deb ...
Unpacking libklibc (2.0.3-0ubuntu1.14.04.3) over (2.0.3-0ubuntu1.14.04.1) ...
Preparing to unpack .../libprocps3_1%3a3.3.9-1ubuntu2.3_amd64.deb ...
[s[0;0f[42m[30mProgress: [ 26%][49m[39m  [uUnpacking libprocps3:amd64 (1:3.3.9-1ubuntu2.3) over (1:3.3.9-1ubuntu2.2) ...
Preparing to unpack .../procps_1%3a3.3.9-1ubuntu2.3_amd64.deb ...
invoke-rc.d: policy-rc.d denied execution of stop.
Unpacking procps (1:3.3.9-1ubuntu2.3) over (1:3.3.9-1ubuntu2.2) ...
Preparing to unpack .../udev_204-5ubuntu20.31_amd64.deb ...
Adding 'diversion of /bin/udevadm to /bin/udevadm.upgrade by fake-udev'
Unpacking udev (204-5ubuntu20.31) over (204-5ubuntu20.19) ...
Preparing to unpack .../libudev1_204-5ubuntu20.31_amd64.deb ...
Unpacking libudev1:amd64 (204-5ubuntu20.31) over (204-5ubuntu20.19) ...
[s[0;0f[42m[30mProgress: [ 27%][49m[39m  [uPreparing to unpack .../initramfs-tools_0.103ubuntu4.11_all.deb ...
Unpacking initramfs-tools (0.103ubuntu4.11) over (0.103ubuntu4.4) ...
Preparing to unpack .../initramfs-tools-bin_0.103ubuntu4.11_amd64.deb ...
Unpacking initramfs-tools-bin (0.103ubuntu4.11) over (0.103ubuntu4.4) ...
Preparing to unpack .../busybox-initramfs_1%3a1.21.0-1ubuntu1.4_amd64.deb ...
Unpacking busybox-initramfs (1:1.21.0-1ubuntu1.4) over (1:1.21.0-1ubuntu1) ...
[s[0;0f[42m[30mProgress: [ 28%][49m[39m  [uPreparing to unpack .../kmod_15-0ubuntu7_amd64.deb ...
Unpacking kmod (15-0ubuntu7) over (15-0ubuntu6) ...
Preparing to unpack .../module-init-tools_15-0ubuntu7_all.deb ...
Unpacking module-init-tools (15-0ubuntu7) over (15-0ubuntu6) ...
Preparing to unpack .../makedev_2.3.1-93ubuntu2~ubuntu14.04.1_all.deb ...
Unpacking makedev (2.3.1-93ubuntu2~ubuntu14.04.1) over (2.3.1-93ubuntu1) ...
[s[0;0f[42m[30mProgress: [ 29%][49m[39m  [uPreparing to unpack .../plymouth_0.8.8-0ubuntu17.2_amd64.deb ...
Unpacking plymouth (0.8.8-0ubuntu17.2) over (0.8.8-0ubuntu17.1) ...
Preparing to unpack .../libplymouth2_0.8.8-0ubuntu17.2_amd64.deb ...
Unpacking libplymouth2:amd64 (0.8.8-0ubuntu17.2) over (0.8.8-0ubuntu17.1) ...
Preparing to unpack .../mountall_2.53ubuntu1_amd64.deb ...
Unpacking mountall (2.53ubuntu1) over (2.53) ...
[s[0;0f[42m[30mProgress: [ 30%][49m[39m  [uPreparing to unpack .../libpng12-dev_1.2.50-1ubuntu2.14.04.3_amd64.deb ...
Unpacking libpng12-dev (1.2.50-1ubuntu2.14.04.3) over (1.2.50-1ubuntu2.14.04.2) ...
Preparing to unpack .../libpng12-0_1.2.50-1ubuntu2.14.04.3_amd64.deb ...
Unpacking libpng12-0:amd64 (1.2.50-1ubuntu2.14.04.3) over (1.2.50-1ubuntu2.14.04.2) ...
Preparing to unpack .../libroken18-heimdal_1.6~git20131207+dfsg-1ubuntu1.2_amd64.deb ...
Unpacking libroken18-heimdal:amd64 (1.6~git20131207+dfsg-1ubuntu1.2) over (1.6~git20131207+dfsg-1ubuntu1.1) ...
[s[0;0f[42m[30mProgress: [ 31%][49m[39m  [uPreparing to unpack .../libasn1-8-heimdal_1.6~git20131207+dfsg-1ubuntu1.2_amd64.deb ...
Unpacking libasn1-8-heimdal:amd64 (1.6~git20131207+dfsg-1ubuntu1.2) over (1.6~git20131207+dfsg-1ubuntu1.1) ...
Preparing to unpack .../libk5crypto3_1.12+dfsg-2ubuntu5.4_amd64.deb ...
Unpacking libk5crypto3:amd64 (1.12+dfsg-2ubuntu5.4) over (1.12+dfsg-2ubuntu5.2) ...
Preparing to unpack .../libgssapi-krb5-2_1.12+dfsg-2ubuntu5.4_amd64.deb ...
Unpacking libgssapi-krb5-2:amd64 (1.12+dfsg-2ubuntu5.4) over (1.12+dfsg-2ubuntu5.2) ...
[s[0;0f[42m[30mProgress: [ 32%][49m[39m  [uPreparing to unpack .../libkrb5-3_1.12+dfsg-2ubuntu5.4_amd64.deb ...
Unpacking libkrb5-3:amd64 (1.12+dfsg-2ubuntu5.4) over (1.12+dfsg-2ubuntu5.2) ...
Preparing to unpack .../libkrb5support0_1.12+dfsg-2ubuntu5.4_amd64.deb ...
Unpacking libkrb5support0:amd64 (1.12+dfsg-2ubuntu5.4) over (1.12+dfsg-2ubuntu5.2) ...
Preparing to unpack .../libidn11_1.28-1ubuntu2.2_amd64.deb ...
Unpacking libidn11:amd64 (1.28-1ubuntu2.2) over (1.28-1ubuntu2.1) ...
[s[0;0f[42m[30mProgress: [ 33%][49m[39m  [uPreparing to unpack .../libhcrypto4-heimdal_1.6~git20131207+dfsg-1ubuntu1.2_amd64.deb ...
Unpacking libhcrypto4-heimdal:amd64 (1.6~git20131207+dfsg-1ubuntu1.2) over (1.6~git20131207+dfsg-1ubuntu1.1) ...
Preparing to unpack .../libheimbase1-heimdal_1.6~git20131207+dfsg-1ubuntu1.2_amd64.deb ...
Unpacking libheimbase1-heimdal:amd64 (1.6~git20131207+dfsg-1ubuntu1.2) over (1.6~git20131207+dfsg-1ubuntu1.1) ...
Preparing to unpack .../libwind0-heimdal_1.6~git20131207+dfsg-1ubuntu1.2_amd64.deb ...
Unpacking libwind0-heimdal:amd64 (1.6~git20131207+dfsg-1ubuntu1.2) over (1.6~git20131207+dfsg-1ubuntu1.1) ...
[s[0;0f[42m[30mProgress: [ 34%][49m[39m  [uPreparing to unpack .../libhx509-5-heimdal_1.6~git20131207+dfsg-1ubuntu1.2_amd64.deb ...
Unpacking libhx509-5-heimdal:amd64 (1.6~git20131207+dfsg-1ubuntu1.2) over (1.6~git20131207+dfsg-1ubuntu1.1) ...
Preparing to unpack .../libkrb5-26-heimdal_1.6~git20131207+dfsg-1ubuntu1.2_amd64.deb ...
Unpacking libkrb5-26-heimdal:amd64 (1.6~git20131207+dfsg-1ubuntu1.2) over (1.6~git20131207+dfsg-1ubuntu1.1) ...
Preparing to unpack .../libheimntlm0-heimdal_1.6~git20131207+dfsg-1ubuntu1.2_amd64.deb ...
Unpacking libheimntlm0-heimdal:amd64 (1.6~git20131207+dfsg-1ubuntu1.2) over (1.6~git20131207+dfsg-1ubuntu1.1) ...
[s[0;0f[42m[30mProgress: [ 35%][49m[39m  [uPreparing to unpack .../libgssapi3-heimdal_1.6~git20131207+dfsg-1ubuntu1.2_amd64.deb ...
Unpacking libgssapi3-heimdal:amd64 (1.6~git20131207+dfsg-1ubuntu1.2) over (1.6~git20131207+dfsg-1ubuntu1.1) ...
Preparing to unpack .../libldap-2.4-2_2.4.31-1+nmu2ubuntu8.5_amd64.deb ...
Unpacking libldap-2.4-2:amd64 (2.4.31-1+nmu2ubuntu8.5) over (2.4.31-1+nmu2ubuntu8.3) ...
Preparing to unpack .../librtmp0_2.4+20121230.gitdf6c518-1ubuntu0.1_amd64.deb ...
Unpacking librtmp0:amd64 (2.4+20121230.gitdf6c518-1ubuntu0.1) over (2.4+20121230.gitdf6c518-1) ...
[s[0;0f[42m[30mProgress: [ 36%][49m[39m  [uPreparing to unpack .../libcurl3-gnutls_7.35.0-1ubuntu2.20_amd64.deb ...
Unpacking libcurl3-gnutls:amd64 (7.35.0-1ubuntu2.20) over (7.35.0-1ubuntu2.9) ...
Preparing to unpack .../libelf1_0.158-0ubuntu5.3_amd64.deb ...
Unpacking libelf1:amd64 (0.158-0ubuntu5.3) over (0.158-0ubuntu5.2) ...
Preparing to unpack .../libglib2.0-0_2.40.2-0ubuntu1.1_amd64.deb ...
Unpacking libglib2.0-0:amd64 (2.40.2-0ubuntu1.1) over (2.40.2-0ubuntu1) ...
[s[0;0f[42m[30mProgress: [ 37%][49m[39m  [uPreparing to unpack .../libx11-data_2%3a1.6.2-1ubuntu2.1_all.deb ...
Unpacking libx11-data (2:1.6.2-1ubuntu2.1) over (2:1.6.2-1ubuntu2) ...
Preparing to unpack .../libx11-6_2%3a1.6.2-1ubuntu2.1_amd64.deb ...
Unpacking libx11-6:amd64 (2:1.6.2-1ubuntu2.1) over (2:1.6.2-1ubuntu2) ...
Preparing to unpack .../libxml2_2.9.1+dfsg1-3ubuntu4.13_amd64.deb ...
Unpacking libxml2:amd64 (2.9.1+dfsg1-3ubuntu4.13) over (2.9.1+dfsg1-3ubuntu4.8) ...
[s[0;0f[42m[30mProgress: [ 38%][49m[39m  [uPreparing to unpack .../libavahi-common-data_0.6.31-4ubuntu1.3_amd64.deb ...
Unpacking libavahi-common-data:amd64 (0.6.31-4ubuntu1.3) over (0.6.31-4ubuntu1.1) ...
Preparing to unpack .../libavahi-common3_0.6.31-4ubuntu1.3_amd64.deb ...
Unpacking libavahi-common3:amd64 (0.6.31-4ubuntu1.3) over (0.6.31-4ubuntu1.1) ...
Preparing to unpack .../libavahi-client3_0.6.31-4ubuntu1.3_amd64.deb ...
Unpacking libavahi-client3:amd64 (0.6.31-4ubuntu1.3) over (0.6.31-4ubuntu1.1) ...
[s[0;0f[42m[30mProgress: [ 39%][49m[39m  [uPreparing to unpack .../libavutil52_6%3a9.20-0ubuntu0.14.04.1_amd64.deb ...
Unpacking libavutil52:amd64 (6:9.20-0ubuntu0.14.04.1) over (6:9.18-0ubuntu0.14.04.1) ...
Preparing to unpack .../libvorbisenc2_1.3.2-1.3ubuntu1.2_amd64.deb ...
Unpacking libvorbisenc2:amd64 (1.3.2-1.3ubuntu1.2) over (1.3.2-1.3ubuntu1) ...
Preparing to unpack .../libvorbis0a_1.3.2-1.3ubuntu1.2_amd64.deb ...
Unpacking libvorbis0a:amd64 (1.3.2-1.3ubuntu1.2) over (1.3.2-1.3ubuntu1) ...
[s[0;0f[42m[30mProgress: [ 40%][49m[39m  [uPreparing to unpack .../libavcodec54_6%3a9.20-0ubuntu0.14.04.1_amd64.deb ...
Unpacking libavcodec54:amd64 (6:9.20-0ubuntu0.14.04.1) over (6:9.18-0ubuntu0.14.04.1) ...
Preparing to unpack .../libavformat54_6%3a9.20-0ubuntu0.14.04.1_amd64.deb ...
Unpacking libavformat54:amd64 (6:9.20-0ubuntu0.14.04.1) over (6:9.18-0ubuntu0.14.04.1) ...
Preparing to unpack .../libcaca0_0.99.beta18-1ubuntu5.1_amd64.deb ...
Unpacking libcaca0:amd64 (0.99.beta18-1ubuntu5.1) over (0.99.beta18-1ubuntu5) ...
Preparing to unpack .../libcups2_1.7.2-0ubuntu1.11_amd64.deb ...
[s[0;0f[42m[30mProgress: [ 41%][49m[39m  [uUnpacking libcups2:amd64 (1.7.2-0ubuntu1.11) over (1.7.2-0ubuntu1.7) ...
Preparing to unpack .../libcurl3_7.35.0-1ubuntu2.20_amd64.deb ...
Unpacking libcurl3:amd64 (7.35.0-1ubuntu2.20) over (7.35.0-1ubuntu2.9) ...
Preparing to unpack .../libdrm-intel1_2.4.67-1ubuntu0.14.04.2_amd64.deb ...
Unpacking libdrm-intel1:amd64 (2.4.67-1ubuntu0.14.04.2) over (2.4.67-1ubuntu0.14.04.1) ...
Preparing to unpack .../libdrm-nouveau2_2.4.67-1ubuntu0.14.04.2_amd64.deb ...
[s[0;0f[42m[30mProgress: [ 42%][49m[39m  [uUnpacking libdrm-nouveau2:amd64 (2.4.67-1ubuntu0.14.04.2) over (2.4.67-1ubuntu0.14.04.1) ...
Preparing to unpack .../libdrm-radeon1_2.4.67-1ubuntu0.14.04.2_amd64.deb ...
Unpacking libdrm-radeon1:amd64 (2.4.67-1ubuntu0.14.04.2) over (2.4.67-1ubuntu0.14.04.1) ...
Preparing to unpack .../libtiff5_4.0.3-7ubuntu0.11_amd64.deb ...
Unpacking libtiff5:amd64 (4.0.3-7ubuntu0.11) over (4.0.3-7ubuntu0.4) ...
Preparing to unpack .../libxpm4_1%3a3.5.10-1ubuntu0.1_amd64.deb ...
[s[0;0f[42m[30mProgress: [ 43%][49m[39m  [uUnpacking libxpm4:amd64 (1:3.5.10-1ubuntu0.1) over (1:3.5.10-1) ...
Preparing to unpack .../libgd3_2.1.0-3ubuntu0.11_amd64.deb ...
Unpacking libgd3:amd64 (2.1.0-3ubuntu0.11) over (2.1.0-3ubuntu0.5) ...
Preparing to unpack .../libgdk-pixbuf2.0-0_2.30.7-0ubuntu1.8_amd64.deb ...
Unpacking libgdk-pixbuf2.0-0:amd64 (2.30.7-0ubuntu1.8) over (2.30.7-0ubuntu1.6) ...
Preparing to unpack .../libgdk-pixbuf2.0-common_2.30.7-0ubuntu1.8_all.deb ...
[s[0;0f[42m[30mProgress: [ 44%][49m[39m  [uUnpacking libgdk-pixbuf2.0-common (2.30.7-0ubuntu1.8) over (2.30.7-0ubuntu1.6) ...
Preparing to unpack .../libjasper1_1.900.1-14ubuntu3.5_amd64.deb ...
Unpacking libjasper1:amd64 (1.900.1-14ubuntu3.5) over (1.900.1-14ubuntu3.3) ...
Preparing to unpack .../libgraphite2-3_1.3.10-0ubuntu0.14.04.1_amd64.deb ...
Unpacking libgraphite2-3:amd64 (1.3.10-0ubuntu0.14.04.1) over (1.3.6-1ubuntu0.14.04.1) ...
Preparing to unpack .../libgstreamer1.0-0_1.2.4-0ubuntu1.1_amd64.deb ...
[s[0;0f[42m[30mProgress: [ 45%][49m[39m  [uUnpacking libgstreamer1.0-0:amd64 (1.2.4-0ubuntu1.1) over (1.2.4-0ubuntu1) ...
Preparing to unpack .../libgstreamer-plugins-base1.0-0_1.2.4-1~ubuntu2.1_amd64.deb ...
Unpacking libgstreamer-plugins-base1.0-0:amd64 (1.2.4-1~ubuntu2.1) over (1.2.4-1~ubuntu2) ...
Preparing to unpack .../libhdf5-7_1.8.11-5ubuntu7.1_amd64.deb ...
Unpacking libhdf5-7:amd64 (1.8.11-5ubuntu7.1) over (1.8.11-5ubuntu7) ...
Preparing to unpack .../libicu52_52.1-3ubuntu0.8_amd64.deb ...
[s[0;0f[42m[30mProgress: [ 46%][49m[39m  [uUnpacking libicu52:amd64 (52.1-3ubuntu0.8) over (52.1-3ubuntu0.4) ...
Preparing to unpack .../libjpeg-turbo8_1.3.0-0ubuntu2.1_amd64.deb ...
Unpacking libjpeg-turbo8:amd64 (1.3.0-0ubuntu2.1) over (1.3.0-0ubuntu2) ...
Preparing to unpack .../liblcms2-2_2.5-0ubuntu4.2_amd64.deb ...
Unpacking liblcms2-2:amd64 (2.5-0ubuntu4.2) over (2.5-0ubuntu4.1) ...
Preparing to unpack .../mysql-common_5.5.62-0ubuntu0.14.04.1_all.deb ...
Unpacking mysql-common (5.5.62-0ubuntu0.14.04.1) over (5.5.53-0ubuntu0.14.04.1) ...
[s[0;0f[42m[30mProgress: [ 47%][49m[39m  [uPreparing to unpack .../libmysqlclient18_5.5.62-0ubuntu0.14.04.1_amd64.deb ...
Unpacking libmysqlclient18:amd64 (5.5.62-0ubuntu0.14.04.1) over (5.5.53-0ubuntu0.14.04.1) ...
Preparing to unpack .../libpixman-1-0_0.30.2-2ubuntu1.2_amd64.deb ...
Unpacking libpixman-1-0:amd64 (0.30.2-2ubuntu1.2) over (0.30.2-2ubuntu1.1) ...
Preparing to unpack .../python2.7-dev_2.7.6-8ubuntu0.5_amd64.deb ...
Unpacking python2.7-dev (2.7.6-8ubuntu0.5) over (2.7.6-8ubuntu0.4) ...
[s[0;0f[42m[30mProgress: [ 48%][49m[39m  [uPreparing to unpack .../libpython2.7-dev_2.7.6-8ubuntu0.5_amd64.deb ...
Unpacking libpython2.7-dev:amd64 (2.7.6-8ubuntu0.5) over (2.7.6-8ubuntu0.4) ...
Preparing to unpack .../python2.7_2.7.6-8ubuntu0.5_amd64.deb ...
Unpacking python2.7 (2.7.6-8ubuntu0.5) over (2.7.6-8ubuntu0.4) ...
Preparing to unpack .../libpython2.7_2.7.6-8ubuntu0.5_amd64.deb ...
Unpacking libpython2.7:amd64 (2.7.6-8ubuntu0.5) over (2.7.6-8ubuntu0.4) ...
[s[0;0f[42m[30mProgress: [ 49%][49m[39m  [uPreparing to unpack .../libpython2.7-stdlib_2.7.6-8ubuntu0.5_amd64.deb ...
Unpacking libpython2.7-stdlib:amd64 (2.7.6-8ubuntu0.5) over (2.7.6-8ubuntu0.4) ...
Preparing to unpack .../python2.7-minimal_2.7.6-8ubuntu0.5_amd64.deb ...
Unpacking python2.7-minimal (2.7.6-8ubuntu0.5) over (2.7.6-8ubuntu0.4) ...
Preparing to unpack .../libpython2.7-minimal_2.7.6-8ubuntu0.5_amd64.deb ...
Unpacking libpython2.7-minimal:amd64 (2.7.6-8ubuntu0.5) over (2.7.6-8ubuntu0.4) ...
[s[0;0f[42m[30mProgress: [ 50%][49m[39m  [uPreparing to unpack .../libsoup2.4-1_2.44.2-1ubuntu2.3_amd64.deb ...
Unpacking libsoup2.4-1:amd64 (2.44.2-1ubuntu2.3) over (2.44.2-1ubuntu2.1) ...
Preparing to unpack .../libswscale2_6%3a9.20-0ubuntu0.14.04.1_amd64.deb ...
Unpacking libswscale2:amd64 (6:9.20-0ubuntu0.14.04.1) over (6:9.18-0ubuntu0.14.04.1) ...
Preparing to unpack .../libwavpack1_4.70.0-1ubuntu0.2_amd64.deb ...
Unpacking libwavpack1:amd64 (4.70.0-1ubuntu0.2) over (4.70.0-1) ...
[s[0;0f[42m[30mProgress: [ 51%][49m[39m  [uPreparing to unpack .../libx11-xcb1_2%3a1.6.2-1ubuntu2.1_amd64.deb ...
Unpacking libx11-xcb1:amd64 (2:1.6.2-1ubuntu2.1) over (2:1.6.2-1ubuntu2) ...
Preparing to unpack .../libxcursor1_1%3a1.1.14-1ubuntu0.14.04.2_amd64.deb ...
Unpacking libxcursor1:amd64 (1:1.1.14-1ubuntu0.14.04.2) over (1:1.1.14-1) ...
Preparing to unpack .../libxslt1.1_1.1.28-2ubuntu0.2_amd64.deb ...
Unpacking libxslt1.1:amd64 (1.1.28-2ubuntu0.2) over (1.1.28-2build1) ...
[s[0;0f[42m[30mProgress: [ 52%][49m[39m  [uSelecting previously unselected package libyaml-0-2:amd64.
Preparing to unpack .../libyaml-0-2_0.1.4-3ubuntu3.1_amd64.deb ...
Unpacking libyaml-0-2:amd64 (0.1.4-3ubuntu3.1) ...
Preparing to unpack .../gstreamer1.0-plugins-base_1.2.4-1~ubuntu2.1_amd64.deb ...
Unpacking gstreamer1.0-plugins-base:amd64 (1.2.4-1~ubuntu2.1) over (1.2.4-1~ubuntu2) ...
Preparing to unpack .../gstreamer1.0-plugins-good_1.2.4-1~ubuntu1.4_amd64.deb ...
Unpacking gstreamer1.0-plugins-good:amd64 (1.2.4-1~ubuntu1.4) over (1.2.4-1~ubuntu1) ...
[s[0;0f[42m[30mProgress: [ 53%][49m[39m  [uPreparing to unpack .../libgstreamer-plugins-good1.0-0_1.2.4-1~ubuntu1.4_amd64.deb ...
Unpacking libgstreamer-plugins-good1.0-0:amd64 (1.2.4-1~ubuntu1.4) over (1.2.4-1~ubuntu1) ...
Preparing to unpack .../multiarch-support_2.19-0ubuntu6.15_amd64.deb ...
Unpacking multiarch-support (2.19-0ubuntu6.15) over (2.19-0ubuntu6.9) ...
Processing triggers for mime-support (3.54ubuntu1.1) ...
Processing triggers for ureadahead (0.100.0-16) ...
Setting up multiarch-support (2.19-0ubuntu6.15) ...
(Reading database ... 30277 files and directories currently installed.)
Preparing to unpack .../sensible-utils_0.0.9ubuntu0.14.04.1_all.deb ...
[s[0;0f[42m[30mProgress: [ 54%][49m[39m  [uUnpacking sensible-utils (0.0.9ubuntu0.14.04.1) over (0.0.9) ...
Processing triggers for mime-support (3.54ubuntu1.1) ...
Setting up sensible-utils (0.0.9ubuntu0.14.04.1) ...
(Reading database ... 30277 files and directories currently installed.)
Preparing to unpack .../apt-utils_1.0.1ubuntu2.24_amd64.deb ...
Unpacking apt-utils (1.0.1ubuntu2.24) over (1.0.1ubuntu2.14) ...
Preparing to unpack .../eject_2.1.5+deb1+cvs20081104-13.1ubuntu0.14.04.1_amd64.deb ...
Unpacking eject (2.1.5+deb1+cvs20081104-13.1ubuntu0.14.04.1) over (2.1.5+deb1+cvs20081104-13.1) ...
[s[0;0f[42m[30mProgress: [ 55%][49m[39m  [uPreparing to unpack .../iproute2_3.12.0-2ubuntu1.2_amd64.deb ...
Unpacking iproute2 (3.12.0-2ubuntu1.2) over (3.12.0-2ubuntu1) ...
Preparing to unpack .../ifupdown_0.7.47.2ubuntu4.5_amd64.deb ...
Unpacking ifupdown (0.7.47.2ubuntu4.5) over (0.7.47.2ubuntu4.4) ...
Preparing to unpack .../isc-dhcp-client_4.2.4-7ubuntu12.13_amd64.deb ...
Unpacking isc-dhcp-client (4.2.4-7ubuntu12.13) over (4.2.4-7ubuntu12.7) ...
[s[0;0f[42m[30mProgress: [ 56%][49m[39m  [uPreparing to unpack .../isc-dhcp-common_4.2.4-7ubuntu12.13_amd64.deb ...
Unpacking isc-dhcp-common (4.2.4-7ubuntu12.13) over (4.2.4-7ubuntu12.7) ...
Preparing to unpack .../logrotate_3.8.7-1ubuntu1.2_amd64.deb ...
Unpacking logrotate (3.8.7-1ubuntu1.2) over (3.8.7-1ubuntu1) ...
Preparing to unpack .../neurodebian-popularity-contest_0.40.1~nd14.04+1_all.deb ...
Unpacking neurodebian-popularity-contest (0.40.1~nd14.04+1) over (0.37.5~nd14.04+1) ...
[s[0;0f[42m[30mProgress: [ 57%][49m[39m  [uPreparing to unpack .../init-system-helpers_1.18~nd13.10+1+nd14.04+1_all.deb ...
Unpacking init-system-helpers (1.18~nd13.10+1+nd14.04+1) over (1.14) ...
Preparing to unpack .../rsyslog_7.4.4-1ubuntu2.7_amd64.deb ...
Unpacking rsyslog (7.4.4-1ubuntu2.7) over (7.4.4-1ubuntu2.6) ...
Preparing to unpack .../sudo_1.8.9p5-1ubuntu1.4_amd64.deb ...
invoke-rc.d: policy-rc.d denied execution of stop.
Unpacking sudo (1.8.9p5-1ubuntu1.4) over (1.8.9p5-1ubuntu1.2) ...
[s[0;0f[42m[30mProgress: [ 58%][49m[39m  [uSelecting previously unselected package python3-yaml.
Preparing to unpack .../python3-yaml_3.10-4ubuntu0.1_amd64.deb ...
Unpacking python3-yaml (3.10-4ubuntu0.1) ...
Selecting previously unselected package python3-pkg-resources.
Preparing to unpack .../python3-pkg-resources_3.3-1ubuntu2_all.deb ...
Unpacking python3-pkg-resources (3.3-1ubuntu2) ...
Preparing to unpack .../apt-transport-https_1.0.1ubuntu2.24_amd64.deb ...
Unpacking apt-transport-https (1.0.1ubuntu2.24) over (1.0.1ubuntu2.15) ...
[s[0;0f[42m[30mProgress: [ 59%][49m[39m  [uSelecting previously unselected package ubuntu-advantage-tools.
Preparing to unpack .../ubuntu-advantage-tools_19.6~ubuntu14.04.4_amd64.deb ...
Unpacking ubuntu-advantage-tools (19.6~ubuntu14.04.4) ...
Preparing to unpack .../vim-tiny_2%3a7.4.052-1ubuntu3.1_amd64.deb ...
Unpacking vim-tiny (2:7.4.052-1ubuntu3.1) over (2:7.4.052-1ubuntu3) ...
Preparing to unpack .../vim-common_2%3a7.4.052-1ubuntu3.1_amd64.deb ...
Unpacking vim-common (2:7.4.052-1ubuntu3.1) over (2:7.4.052-1ubuntu3) ...
[s[0;0f[42m[30mProgress: [ 60%][49m[39m  [uPreparing to unpack .../ubuntu-minimal_1.325.1_amd64.deb ...
Unpacking ubuntu-minimal (1.325.1) over (1.325) ...
Preparing to unpack .../openssl_1.0.1f-1ubuntu2.27_amd64.deb ...
Unpacking openssl (1.0.1f-1ubuntu2.27) over (1.0.1f-1ubuntu2.21) ...
Preparing to unpack .../ca-certificates_20170717~14.04.2_all.deb ...
Unpacking ca-certificates (20170717~14.04.2) over (20160104ubuntu0.14.04.1) ...
[s[0;0f[42m[30mProgress: [ 61%][49m[39m  [uPreparing to unpack .../krb5-locales_1.12+dfsg-2ubuntu5.4_all.deb ...
Unpacking krb5-locales (1.12+dfsg-2ubuntu5.4) over (1.12+dfsg-2ubuntu5.2) ...
Preparing to unpack .../libglib2.0-data_2.40.2-0ubuntu1.1_all.deb ...
Unpacking libglib2.0-data (2.40.2-0ubuntu1.1) over (2.40.2-0ubuntu1) ...
Preparing to unpack .../wget_1.15-1ubuntu1.14.04.5_amd64.deb ...
Unpacking wget (1.15-1ubuntu1.14.04.5) over (1.15-1ubuntu1.14.04.2) ...
[s[0;0f[42m[30mProgress: [ 62%][49m[39m  [uPreparing to unpack .../libgiftiio0_1.0.9-2~nd14.04+1_amd64.deb ...
Unpacking libgiftiio0 (1.0.9-2~nd14.04+1) over (1.0.9-1) ...
Preparing to unpack .../fsl-core_5.0.9-5~nd14.04+1_all.deb ...
Unpacking fsl-core (5.0.9-5~nd14.04+1) over (5.0.9-3~nd14.04+1) ...
Preparing to unpack .../fsl-5.0-core_5.0.9-5~nd14.04+1_amd64.deb ...
Unpacking fsl-5.0-core (5.0.9-5~nd14.04+1) over (5.0.9-3~nd14.04+1) ...
[s[0;0f[42m[30mProgress: [ 63%][49m[39m  [uPreparing to unpack .../fsl_5.0.9-5~nd14.04+1_all.deb ...
Unpacking fsl (5.0.9-5~nd14.04+1) over (5.0.9-4~nd14.04+1) ...
Preparing to unpack .../gstreamer1.0-x_1.2.4-1~ubuntu2.1_amd64.deb ...
Unpacking gstreamer1.0-x:amd64 (1.2.4-1~ubuntu2.1) over (1.2.4-1~ubuntu2) ...
Preparing to unpack .../libpq5_9.3.24-0ubuntu0.14.04_amd64.deb ...
Unpacking libpq5 (9.3.24-0ubuntu0.14.04) over (9.3.14-0ubuntu0.14.04) ...
[s[0;0f[42m[30mProgress: [ 64%][49m[39m  [uPreparing to unpack .../libtorque2_2.4.16+dfsg-1.3ubuntu1.1_amd64.deb ...
Unpacking libtorque2 (2.4.16+dfsg-1.3ubuntu1.1) over (2.4.16+dfsg-1.3ubuntu1) ...
Preparing to unpack .../nodejs_4.9.1-1nodesource1_amd64.deb ...
Detected old npm client, removing...
Unpacking nodejs (4.9.1-1nodesource1) over (4.6.1-1nodesource1~trusty1) ...
Preparing to unpack .../python-matplotlib-data_1.3.1-1ubuntu5.1_all.deb ...
Unpacking python-matplotlib-data (1.3.1-1ubuntu5.1) over (1.3.1-1ubuntu5) ...
[s[0;0f[42m[30mProgress: [ 65%][49m[39m  [uPreparing to unpack .../python-matplotlib_1.3.1-1ubuntu5.1_amd64.deb ...
Unpacking python-matplotlib (1.3.1-1ubuntu5.1) over (1.3.1-1ubuntu5) ...
Preparing to unpack .../suckless-tools_40-1+deb8u2build0.14.04.1_amd64.deb ...
Unpacking suckless-tools (40-1+deb8u2build0.14.04.1) over (40-1) ...
Processing triggers for ureadahead (0.100.0-16) ...
Processing triggers for mime-support (3.54ubuntu1.1) ...
Processing triggers for python-support (1.0.15) ...
Setting up libc-dev-bin (2.19-0ubuntu6.15) ...
Setting up linux-libc-dev:amd64 (3.13.0-170.220) ...
[s[0;0f[42m[30mProgress: [ 66%][49m[39m  [uSetting up libc6-dev:amd64 (2.19-0ubuntu6.15) ...
Setting up zlib1g-dev:amd64 (1:1.2.8.dfsg-1ubuntu1.1) ...
Setting up libitm1:amd64 (4.8.4-2ubuntu1~14.04.4) ...
Setting up libgomp1:amd64 (4.8.4-2ubuntu1~14.04.4) ...
Setting up libquadmath0:amd64 (4.8.4-2ubuntu1~14.04.4) ...
[s[0;0f[42m[30mProgress: [ 67%][49m[39m  [uSetting up libgfortran3:amd64 (4.8.4-2ubuntu1~14.04.4) ...
Setting up libasan0:amd64 (4.8.4-2ubuntu1~14.04.4) ...
Setting up libatomic1:amd64 (4.8.4-2ubuntu1~14.04.4) ...
Setting up libtsan0:amd64 (4.8.4-2ubuntu1~14.04.4) ...
[s[0;0f[42m[30mProgress: [ 68%][49m[39m  [uSetting up cpp-4.8 (4.8.4-2ubuntu1~14.04.4) ...
Setting up libgcc-4.8-dev:amd64 (4.8.4-2ubuntu1~14.04.4) ...
Setting up gcc-4.8 (4.8.4-2ubuntu1~14.04.4) ...
Setting up libstdc++-4.8-dev:amd64 (4.8.4-2ubuntu1~14.04.4) ...
Setting up g++-4.8 (4.8.4-2ubuntu1~14.04.4) ...
[s[0;0f[42m[30mProgress: [ 69%][49m[39m  [uSetting up libapt-inst1.5:amd64 (1.0.1ubuntu2.24) ...
Setting up libffi6:amd64 (3.1~rc1+r3.0.13-12ubuntu0.2) ...
Setting up libgcrypt11:amd64 (1.5.3-2ubuntu4.6) ...
Setting up libtasn1-6:amd64 (3.4-3ubuntu0.6) ...
[s[0;0f[42m[30mProgress: [ 70%][49m[39m  [uSetting up libgnutls26:amd64 (2.12.23-12ubuntu2.8) ...
Setting up libgnutls-openssl27:amd64 (2.12.23-12ubuntu2.8) ...
Setting up libmagic1:amd64 (1:5.14-2ubuntu3.4) ...
Setting up file (1:5.14-2ubuntu3.4) ...
Setting up libssl1.0.0:amd64 (1.0.1f-1ubuntu2.27) ...
[s[0;0f[42m[30mProgress: [ 71%][49m[39m  [udebconf: unable to initialize frontend: Dialog
debconf: (TERM is not set, so the dialog frontend is not usable.)
debconf: falling back to frontend: Readline
debconf: unable to initialize frontend: Readline
debconf: (This frontend requires a controlling tty.)
debconf: falling back to frontend: Teletype
Setting up libpython3.4-minimal:amd64 (3.4.3-1ubuntu1~14.04.7) ...
Setting up python3.4-minimal (3.4.3-1ubuntu1~14.04.7) ...
Setting up libsqlite3-0:amd64 (3.8.2-1ubuntu2.2) ...
Setting up libpython3.4-stdlib:amd64 (3.4.3-1ubuntu1~14.04.7) ...
[s[0;0f[42m[30mProgress: [ 72%][49m[39m  [uSetting up python3.4 (3.4.3-1ubuntu1~14.04.7) ...
Setting up ntpdate (1:4.2.6.p5+dfsg-3ubuntu2.14.04.13) ...
Installing new version of config file /etc/network/if-up.d/ntpdate ...
Setting up resolvconf (1.69ubuntu1.4) ...
debconf: unable to initialize frontend: Dialog
debconf: (TERM is not set, so the dialog frontend is not usable.)
debconf: falling back to frontend: Readline
debconf: unable to initialize frontend: Readline
debconf: (This frontend requires a controlling tty.)
debconf: falling back to frontend: Teletype
invoke-rc.d: policy-rc.d denied execution of start.
Setting up libdbus-1-3:amd64 (1.6.18-0ubuntu4.5) ...
Setting up libdrm2:amd64 (2.4.67-1ubuntu0.14.04.2) ...
[s[0;0f[42m[30mProgress: [ 73%][49m[39m  [uSetting up libkmod2:amd64 (15-0ubuntu7) ...
Setting up libklibc (2.0.3-0ubuntu1.14.04.3) ...
Setting up klibc-utils (2.0.3-0ubuntu1.14.04.3) ...
Setting up libprocps3:amd64 (1:3.3.9-1ubuntu2.3) ...
Setting up procps (1:3.3.9-1ubuntu2.3) ...
[s[0;0f[42m[30mProgress: [ 74%][49m[39m  [uinvoke-rc.d: policy-rc.d denied execution of start.
Setting up libudev1:amd64 (204-5ubuntu20.31) ...
Setting up udev (204-5ubuntu20.31) ...
invoke-rc.d: policy-rc.d denied execution of restart.
Removing 'diversion of /bin/udevadm to /bin/udevadm.upgrade by fake-udev'
update-initramfs: deferring update (trigger activated)
Setting up initramfs-tools-bin (0.103ubuntu4.11) ...
Setting up busybox-initramfs (1:1.21.0-1ubuntu1.4) ...
[s[0;0f[42m[30mProgress: [ 75%][49m[39m  [uSetting up kmod (15-0ubuntu7) ...
Setting up module-init-tools (15-0ubuntu7) ...
Setting up initramfs-tools (0.103ubuntu4.11) ...
update-initramfs: deferring update (trigger activated)
Setting up makedev (2.3.1-93ubuntu2~ubuntu14.04.1) ...
Setting up libpng12-0:amd64 (1.2.50-1ubuntu2.14.04.3) ...
[s[0;0f[42m[30mProgress: [ 76%][49m[39m  [uSetting up libplymouth2:amd64 (0.8.8-0ubuntu17.2) ...
Setting up libpng12-dev (1.2.50-1ubuntu2.14.04.3) ...
Setting up libroken18-heimdal:amd64 (1.6~git20131207+dfsg-1ubuntu1.2) ...
Setting up libasn1-8-heimdal:amd64 (1.6~git20131207+dfsg-1ubuntu1.2) ...
[s[0;0f[42m[30mProgress: [ 77%][49m[39m  [uSetting up libkrb5support0:amd64 (1.12+dfsg-2ubuntu5.4) ...
Setting up libk5crypto3:amd64 (1.12+dfsg-2ubuntu5.4) ...
Setting up libkrb5-3:amd64 (1.12+dfsg-2ubuntu5.4) ...
Setting up libgssapi-krb5-2:amd64 (1.12+dfsg-2ubuntu5.4) ...
Setting up libidn11:amd64 (1.28-1ubuntu2.2) ...
[s[0;0f[42m[30mProgress: [ 78%][49m[39m  [uSetting up libhcrypto4-heimdal:amd64 (1.6~git20131207+dfsg-1ubuntu1.2) ...
Setting up libheimbase1-heimdal:amd64 (1.6~git20131207+dfsg-1ubuntu1.2) ...
Setting up libwind0-heimdal:amd64 (1.6~git20131207+dfsg-1ubuntu1.2) ...
Setting up libhx509-5-heimdal:amd64 (1.6~git20131207+dfsg-1ubuntu1.2) ...
[s[0;0f[42m[30mProgress: [ 79%][49m[39m  [uSetting up libkrb5-26-heimdal:amd64 (1.6~git20131207+dfsg-1ubuntu1.2) ...
Setting up libheimntlm0-heimdal:amd64 (1.6~git20131207+dfsg-1ubuntu1.2) ...
Setting up libgssapi3-heimdal:amd64 (1.6~git20131207+dfsg-1ubuntu1.2) ...
Setting up libldap-2.4-2:amd64 (2.4.31-1+nmu2ubuntu8.5) ...
Setting up librtmp0:amd64 (2.4+20121230.gitdf6c518-1ubuntu0.1) ...
[s[0;0f[42m[30mProgress: [ 80%][49m[39m  [uSetting up libcurl3-gnutls:amd64 (7.35.0-1ubuntu2.20) ...
Setting up libelf1:amd64 (0.158-0ubuntu5.3) ...
Setting up libglib2.0-0:amd64 (2.40.2-0ubuntu1.1) ...
Setting up libx11-data (2:1.6.2-1ubuntu2.1) ...
Setting up libx11-6:amd64 (2:1.6.2-1ubuntu2.1) ...
[s[0;0f[42m[30mProgress: [ 81%][49m[39m  [uSetting up libxml2:amd64 (2.9.1+dfsg1-3ubuntu4.13) ...
Setting up libavahi-common-data:amd64 (0.6.31-4ubuntu1.3) ...
Setting up libavahi-common3:amd64 (0.6.31-4ubuntu1.3) ...
Setting up libavahi-client3:amd64 (0.6.31-4ubuntu1.3) ...
[s[0;0f[42m[30mProgress: [ 82%][49m[39m  [uSetting up libavutil52:amd64 (6:9.20-0ubuntu0.14.04.1) ...
Setting up libvorbis0a:amd64 (1.3.2-1.3ubuntu1.2) ...
Setting up libvorbisenc2:amd64 (1.3.2-1.3ubuntu1.2) ...
Setting up libavcodec54:amd64 (6:9.20-0ubuntu0.14.04.1) ...
Setting up libavformat54:amd64 (6:9.20-0ubuntu0.14.04.1) ...
[s[0;0f[42m[30mProgress: [ 83%][49m[39m  [uSetting up libcaca0:amd64 (0.99.beta18-1ubuntu5.1) ...
Setting up libcups2:amd64 (1.7.2-0ubuntu1.11) ...
Setting up libcurl3:amd64 (7.35.0-1ubuntu2.20) ...
Setting up libdrm-intel1:amd64 (2.4.67-1ubuntu0.14.04.2) ...
[s[0;0f[42m[30mProgress: [ 84%][49m[39m  [uSetting up libdrm-nouveau2:amd64 (2.4.67-1ubuntu0.14.04.2) ...
Setting up libdrm-radeon1:amd64 (2.4.67-1ubuntu0.14.04.2) ...
Setting up libtiff5:amd64 (4.0.3-7ubuntu0.11) ...
Setting up libxpm4:amd64 (1:3.5.10-1ubuntu0.1) ...
Setting up libgd3:amd64 (2.1.0-3ubuntu0.11) ...
[s[0;0f[42m[30mProgress: [ 85%][49m[39m  [uSetting up libjasper1:amd64 (1.900.1-14ubuntu3.5) ...
Setting up libgdk-pixbuf2.0-common (2.30.7-0ubuntu1.8) ...
Setting up libgdk-pixbuf2.0-0:amd64 (2.30.7-0ubuntu1.8) ...
Setting up libgraphite2-3:amd64 (1.3.10-0ubuntu0.14.04.1) ...
[s[0;0f[42m[30mProgress: [ 86%][49m[39m  [uSetting up libgstreamer1.0-0:amd64 (1.2.4-0ubuntu1.1) ...
Setting up libgstreamer-plugins-base1.0-0:amd64 (1.2.4-1~ubuntu2.1) ...
Setting up libhdf5-7:amd64 (1.8.11-5ubuntu7.1) ...
Setting up libicu52:amd64 (52.1-3ubuntu0.8) ...
Setting up libjpeg-turbo8:amd64 (1.3.0-0ubuntu2.1) ...
[s[0;0f[42m[30mProgress: [ 87%][49m[39m  [uSetting up liblcms2-2:amd64 (2.5-0ubuntu4.2) ...
Setting up mysql-common (5.5.62-0ubuntu0.14.04.1) ...
Setting up libmysqlclient18:amd64 (5.5.62-0ubuntu0.14.04.1) ...
Setting up libpixman-1-0:amd64 (0.30.2-2ubuntu1.2) ...
Setting up libpython2.7-minimal:amd64 (2.7.6-8ubuntu0.5) ...
[s[0;0f[42m[30mProgress: [ 88%][49m[39m  [uSetting up python2.7-minimal (2.7.6-8ubuntu0.5) ...
Setting up libpython2.7-stdlib:amd64 (2.7.6-8ubuntu0.5) ...
Setting up python2.7 (2.7.6-8ubuntu0.5) ...
Setting up libpython2.7:amd64 (2.7.6-8ubuntu0.5) ...
[s[0;0f[42m[30mProgress: [ 89%][49m[39m  [uSetting up libpython2.7-dev:amd64 (2.7.6-8ubuntu0.5) ...
Setting up python2.7-dev (2.7.6-8ubuntu0.5) ...
Setting up libsoup2.4-1:amd64 (2.44.2-1ubuntu2.3) ...
Setting up libswscale2:amd64 (6:9.20-0ubuntu0.14.04.1) ...
Setting up libwavpack1:amd64 (4.70.0-1ubuntu0.2) ...
[s[0;0f[42m[30mProgress: [ 90%][49m[39m  [uSetting up libx11-xcb1:amd64 (2:1.6.2-1ubuntu2.1) ...
Setting up libxcursor1:amd64 (1:1.1.14-1ubuntu0.14.04.2) ...
Setting up libxslt1.1:amd64 (1.1.28-2ubuntu0.2) ...
Setting up libyaml-0-2:amd64 (0.1.4-3ubuntu3.1) ...
[s[0;0f[42m[30mProgress: [ 91%][49m[39m  [uSetting up gstreamer1.0-plugins-base:amd64 (1.2.4-1~ubuntu2.1) ...
Setting up libgstreamer-plugins-good1.0-0:amd64 (1.2.4-1~ubuntu1.4) ...
Setting up gstreamer1.0-plugins-good:amd64 (1.2.4-1~ubuntu1.4) ...
Setting up apt-utils (1.0.1ubuntu2.24) ...
Setting up eject (2.1.5+deb1+cvs20081104-13.1ubuntu0.14.04.1) ...
[s[0;0f[42m[30mProgress: [ 92%][49m[39m  [uSetting up iproute2 (3.12.0-2ubuntu1.2) ...
Setting up ifupdown (0.7.47.2ubuntu4.5) ...
Setting up isc-dhcp-common (4.2.4-7ubuntu12.13) ...
Setting up isc-dhcp-client (4.2.4-7ubuntu12.13) ...
debconf: unable to initialize frontend: Dialog
debconf: (TERM is not set, so the dialog frontend is not usable.)
debconf: falling back to frontend: Readline
debconf: unable to initialize frontend: Readline
debconf: (This frontend requires a controlling tty.)
debconf: falling back to frontend: Teletype
[s[0;0f[42m[30mProgress: [ 93%][49m[39m  [uSetting up logrotate (3.8.7-1ubuntu1.2) ...
Setting up neurodebian-popularity-contest (0.40.1~nd14.04+1) ...
Setting up sudo (1.8.9p5-1ubuntu1.4) ...
Installing new version of config file /etc/sudoers ...
Setting up python3-yaml (3.10-4ubuntu0.1) ...
Setting up python3-pkg-resources (3.3-1ubuntu2) ...
[s[0;0f[42m[30mProgress: [ 94%][49m[39m  [uSetting up apt-transport-https (1.0.1ubuntu2.24) ...
Setting up ubuntu-advantage-tools (19.6~ubuntu14.04.4) ...
Setting up vim-common (2:7.4.052-1ubuntu3.1) ...
Setting up vim-tiny (2:7.4.052-1ubuntu3.1) ...
Setting up openssl (1.0.1f-1ubuntu2.27) ...
[s[0;0f[42m[30mProgress: [ 95%][49m[39m  [uSetting up ca-certificates (20170717~14.04.2) ...
debconf: unable to initialize frontend: Dialog
debconf: (TERM is not set, so the dialog frontend is not usable.)
debconf: falling back to frontend: Readline
debconf: unable to initialize frontend: Readline
debconf: (This frontend requires a controlling tty.)
debconf: falling back to frontend: Teletype
Setting up krb5-locales (1.12+dfsg-2ubuntu5.4) ...
Setting up libglib2.0-data (2.40.2-0ubuntu1.1) ...
Setting up wget (1.15-1ubuntu1.14.04.5) ...
[s[0;0f[42m[30mProgress: [ 96%][49m[39m  [uSetting up libgiftiio0 (1.0.9-2~nd14.04+1) ...
Setting up fsl-5.0-core (5.0.9-5~nd14.04+1) ...
Setting up fsl-core (5.0.9-5~nd14.04+1) ...
Setting up fsl (5.0.9-5~nd14.04+1) ...
Setting up gstreamer1.0-x:amd64 (1.2.4-1~ubuntu2.1) ...
[s[0;0f[42m[30mProgress: [ 97%][49m[39m  [uSetting up libpq5 (9.3.24-0ubuntu0.14.04) ...
Setting up libtorque2 (2.4.16+dfsg-1.3ubuntu1.1) ...
Setting up nodejs (4.9.1-1nodesource1) ...
Setting up python-matplotlib-data (1.3.1-1ubuntu5.1) ...
[s[0;0f[42m[30mProgress: [ 98%][49m[39m  [uSetting up python-matplotlib (1.3.1-1ubuntu5.1) ...
Setting up suckless-tools (40-1+deb8u2build0.14.04.1) ...
Setting up perl-modules (5.18.2-2ubuntu1.7) ...
Setting up mountall (2.53ubuntu1) ...
Setting up perl (5.18.2-2ubuntu1.7) ...
[s[0;0f[42m[30mProgress: [ 99%][49m[39m  [uSetting up plymouth (0.8.8-0ubuntu17.2) ...
update-initramfs: deferring update (trigger activated)
Setting up init-system-helpers (1.18~nd13.10+1+nd14.04+1) ...
Setting up rsyslog (7.4.4-1ubuntu2.7) ...
debconf: unable to initialize frontend: Dialog
debconf: (TERM is not set, so the dialog frontend is not usable.)
debconf: falling back to frontend: Readline
debconf: unable to initialize frontend: Readline
debconf: (This frontend requires a controlling tty.)
debconf: falling back to frontend: Teletype
The user `syslog' is already a member of `adm'.
invoke-rc.d: policy-rc.d denied execution of restart.
Setting up ubuntu-minimal (1.325.1) ...
[s[0;0f[42m[30mProgress: [100%][49m[39m  [uProcessing triggers for libc-bin (2.19-0ubuntu6.15) ...
Processing triggers for initramfs-tools (0.103ubuntu4.11) ...
Processing triggers for ca-certificates (20170717~14.04.2) ...
Updating certificates in /etc/ssl/certs... 17 added, 42 removed; done.
Running hooks in /etc/ca-certificates/update.d....done.
Processing triggers for python-support (1.0.15) ...
