> yum not found
> Found apt

WARNING: apt does not have a stable CLI interface yet. Use with caution in scripts.

Ign http://archive.ubuntu.com trusty InRelease
Get:1 http://security.ubuntu.com trusty-security InRelease [65.9 kB]
Get:2 http://archive.ubuntu.com trusty-updates InRelease [65.9 kB]
Get:3 https://deb.nodesource.com trusty InRelease
Get:4 http://security.ubuntu.com trusty-security/universe Sources [126 kB]
Get:5 https://deb.nodesource.com trusty/main amd64 Packages
Hit http://archive.ubuntu.com trusty-backports InRelease
Hit http://archive.ubuntu.com trusty Release.gpg
Get:6 http://archive.ubuntu.com trusty-updates/universe Sources [288 kB]
Get:7 http://security.ubuntu.com trusty-security/main amd64 Packages [1032 kB]
Get:8 http://archive.ubuntu.com trusty-updates/main amd64 Packages [1460 kB]
Get:9 http://security.ubuntu.com trusty-security/restricted amd64 Packages [18.1 kB]
Get:10 http://archive.ubuntu.com trusty-updates/restricted amd64 Packages [21.4 kB]
Get:11 http://archive.ubuntu.com trusty-updates/universe amd64 Packages [671 kB]
Get:12 http://security.ubuntu.com trusty-security/universe amd64 Packages [377 kB]
Get:13 http://archive.ubuntu.com trusty-updates/multiverse amd64 Packages [16.1 kB]
Hit http://archive.ubuntu.com trusty-backports/main amd64 Packages
Hit http://archive.ubuntu.com trusty-backports/restricted amd64 Packages
Get:14 http://security.ubuntu.com trusty-security/multiverse amd64 Packages [4730 B]
Hit http://archive.ubuntu.com trusty-backports/universe amd64 Packages
Hit http://archive.ubuntu.com trusty-backports/multiverse amd64 Packages
Hit http://archive.ubuntu.com trusty Release
Hit http://archive.ubuntu.com trusty/universe Sources
Hit http://archive.ubuntu.com trusty/main amd64 Packages
Hit http://archive.ubuntu.com trusty/restricted amd64 Packages
Hit http://archive.ubuntu.com trusty/universe amd64 Packages
Hit http://archive.ubuntu.com trusty/multiverse amd64 Packages
Fetched 4151 kB in 16s (256 kB/s)
Reading package lists...
W: Size of file /var/lib/apt/lists/deb.nodesource.com_node%5f6.x_dists_trusty_main_binary-amd64_Packages.gz is not what the server reported 1007 1009
W: Size of file /var/lib/apt/lists/archive.ubuntu.com_ubuntu_dists_trusty-updates_restricted_binary-amd64_Packages.gz is not what the server reported 21365 21381

WARNING: apt does not have a stable CLI interface yet. Use with caution in scripts.

Reading package lists...
Building dependency tree...
Reading state information...
The following NEW packages will be installed:
  libyaml-0-2 python3-yaml ubuntu-advantage-tools
The following packages will be upgraded:
  apt apt-transport-https apt-utils base-files busybox-initramfs
  ca-certificates curl gnupg gpgv krb5-locales libapt-inst1.5 libapt-pkg4.12
  libc-bin libc-dev-bin libc6 libc6-dev libcurl3 libcurl3-gnutls
  libgssapi-krb5-2 libk5crypto3 libkrb5-3 libkrb5support0 libldap-2.4-2
  libpython2.7-minimal libpython2.7-stdlib libpython3.4 libpython3.4-dev
  libpython3.4-minimal libpython3.4-stdlib libsqlite3-0 libssl1.0.0 libudev1
  linux-libc-dev mountall multiarch-support nodejs openssl perl perl-base
  perl-modules python-requests python-requests-whl python-six python-six-whl
  python-urllib3 python-urllib3-whl python-wheel python2.7 python2.7-minimal
  python3-requests python3-six python3-urllib3 python3-wheel python3.4
  python3.4-dev python3.4-minimal tzdata ubuntu-minimal udev wget zlib1g
61 upgraded, 3 newly installed, 0 to remove and 0 not upgraded.
Need to get 60.9 MB of archives.
After this operation, 6427 kB of additional disk space will be used.
Get:1 http://archive.ubuntu.com/ubuntu/ trusty-updates/main base-files amd64 7.2ubuntu5.6 [69.3 kB]
Get:2 http://archive.ubuntu.com/ubuntu/ trusty-updates/main perl amd64 5.18.2-2ubuntu1.7 [2650 kB]
Get:3 http://archive.ubuntu.com/ubuntu/ trusty-updates/main perl-base amd64 5.18.2-2ubuntu1.7 [1150 kB]
Get:4 http://archive.ubuntu.com/ubuntu/ trusty-updates/main perl-modules all 5.18.2-2ubuntu1.7 [2674 kB]
Get:5 http://archive.ubuntu.com/ubuntu/ trusty-updates/main libc-bin amd64 2.19-0ubuntu6.15 [1166 kB]
Get:6 http://archive.ubuntu.com/ubuntu/ trusty-updates/main libc6-dev amd64 2.19-0ubuntu6.15 [1913 kB]
Get:7 http://archive.ubuntu.com/ubuntu/ trusty-updates/main libc-dev-bin amd64 2.19-0ubuntu6.15 [68.9 kB]
Get:8 http://archive.ubuntu.com/ubuntu/ trusty-updates/main linux-libc-dev amd64 3.13.0-170.220 [772 kB]
Get:9 http://archive.ubuntu.com/ubuntu/ trusty-updates/main libc6 amd64 2.19-0ubuntu6.15 [4727 kB]
Get:10 http://archive.ubuntu.com/ubuntu/ trusty-updates/main zlib1g amd64 1:1.2.8.dfsg-1ubuntu1.1 [49.8 kB]
Get:11 http://archive.ubuntu.com/ubuntu/ trusty-updates/main libapt-pkg4.12 amd64 1.0.1ubuntu2.24 [646 kB]
Get:12 http://archive.ubuntu.com/ubuntu/ trusty-updates/main gpgv amd64 1.4.16-1ubuntu2.6 [161 kB]
Get:13 http://archive.ubuntu.com/ubuntu/ trusty-updates/main gnupg amd64 1.4.16-1ubuntu2.6 [611 kB]
Get:14 http://archive.ubuntu.com/ubuntu/ trusty-updates/main apt amd64 1.0.1ubuntu2.24 [962 kB]
Get:15 http://archive.ubuntu.com/ubuntu/ trusty-updates/main libapt-inst1.5 amd64 1.0.1ubuntu2.24 [58.5 kB]
Get:16 http://archive.ubuntu.com/ubuntu/ trusty-updates/main python3.4-dev amd64 3.4.3-1ubuntu1~14.04.7 [421 kB]
Get:17 http://archive.ubuntu.com/ubuntu/ trusty-updates/main libpython3.4-dev amd64 3.4.3-1ubuntu1~14.04.7 [17.8 MB]
Get:18 http://archive.ubuntu.com/ubuntu/ trusty-updates/main libpython3.4 amd64 3.4.3-1ubuntu1~14.04.7 [1303 kB]
Get:19 http://archive.ubuntu.com/ubuntu/ trusty-updates/main python3.4 amd64 3.4.3-1ubuntu1~14.04.7 [178 kB]
Get:20 http://archive.ubuntu.com/ubuntu/ trusty-updates/main python3.4-minimal amd64 3.4.3-1ubuntu1~14.04.7 [1224 kB]
Get:21 http://archive.ubuntu.com/ubuntu/ trusty-updates/main libsqlite3-0 amd64 3.8.2-1ubuntu2.2 [342 kB]
Get:22 http://archive.ubuntu.com/ubuntu/ trusty-updates/main libpython3.4-stdlib amd64 3.4.3-1ubuntu1~14.04.7 [1986 kB]
Get:23 http://archive.ubuntu.com/ubuntu/ trusty-updates/main libssl1.0.0 amd64 1.0.1f-1ubuntu2.27 [831 kB]
Get:24 http://archive.ubuntu.com/ubuntu/ trusty-updates/main libpython3.4-minimal amd64 3.4.3-1ubuntu1~14.04.7 [461 kB]
Get:25 http://archive.ubuntu.com/ubuntu/ trusty-updates/main udev amd64 204-5ubuntu20.31 [736 kB]
Get:26 http://archive.ubuntu.com/ubuntu/ trusty-updates/main libudev1 amd64 204-5ubuntu20.31 [34.1 kB]
Get:27 http://archive.ubuntu.com/ubuntu/ trusty-updates/main mountall amd64 2.53ubuntu1 [55.6 kB]
Get:28 http://archive.ubuntu.com/ubuntu/ trusty-updates/main libk5crypto3 amd64 1.12+dfsg-2ubuntu5.4 [79.4 kB]
Get:29 http://archive.ubuntu.com/ubuntu/ trusty-updates/main libgssapi-krb5-2 amd64 1.12+dfsg-2ubuntu5.4 [114 kB]
Get:30 http://archive.ubuntu.com/ubuntu/ trusty-updates/main libkrb5-3 amd64 1.12+dfsg-2ubuntu5.4 [262 kB]
Get:31 http://archive.ubuntu.com/ubuntu/ trusty-updates/main libkrb5support0 amd64 1.12+dfsg-2ubuntu5.4 [31.1 kB]
Get:32 http://archive.ubuntu.com/ubuntu/ trusty-updates/main libldap-2.4-2 amd64 2.4.31-1+nmu2ubuntu8.5 [153 kB]
Get:33 http://archive.ubuntu.com/ubuntu/ trusty-updates/main libcurl3-gnutls amd64 7.35.0-1ubuntu2.20 [166 kB]
Get:34 http://archive.ubuntu.com/ubuntu/ trusty-updates/main curl amd64 7.35.0-1ubuntu2.20 [123 kB]
Get:35 http://archive.ubuntu.com/ubuntu/ trusty-updates/main libcurl3 amd64 7.35.0-1ubuntu2.20 [173 kB]
Get:36 http://archive.ubuntu.com/ubuntu/ trusty-updates/main libyaml-0-2 amd64 0.1.4-3ubuntu3.1 [48.1 kB]
Get:37 http://archive.ubuntu.com/ubuntu/ trusty-updates/main python2.7 amd64 2.7.6-8ubuntu0.5 [197 kB]
Get:38 http://archive.ubuntu.com/ubuntu/ trusty-updates/main libpython2.7-stdlib amd64 2.7.6-8ubuntu0.5 [1872 kB]
Get:39 http://archive.ubuntu.com/ubuntu/ trusty-updates/main python2.7-minimal amd64 2.7.6-8ubuntu0.5 [1186 kB]
Get:40 http://archive.ubuntu.com/ubuntu/ trusty-updates/main libpython2.7-minimal amd64 2.7.6-8ubuntu0.5 [308 kB]
Get:41 http://archive.ubuntu.com/ubuntu/ trusty-updates/main multiarch-support amd64 2.19-0ubuntu6.15 [4490 B]
Get:42 http://archive.ubuntu.com/ubuntu/ trusty-updates/main tzdata all 2019a-0ubuntu0.14.04 [167 kB]
Get:43 http://archive.ubuntu.com/ubuntu/ trusty-updates/main apt-utils amd64 1.0.1ubuntu2.24 [172 kB]
Get:44 http://archive.ubuntu.com/ubuntu/ trusty-updates/main python3-yaml amd64 3.10-4ubuntu0.1 [92.7 kB]
Get:45 http://archive.ubuntu.com/ubuntu/ trusty-updates/main apt-transport-https amd64 1.0.1ubuntu2.24 [25.7 kB]
Get:46 http://archive.ubuntu.com/ubuntu/ trusty-updates/main ubuntu-advantage-tools amd64 19.6~ubuntu14.04.4 [47.3 kB]
Get:47 http://archive.ubuntu.com/ubuntu/ trusty-updates/main ubuntu-minimal amd64 1.325.1 [2658 B]
Get:48 http://archive.ubuntu.com/ubuntu/ trusty-updates/main busybox-initramfs amd64 1:1.21.0-1ubuntu1.4 [166 kB]
Get:49 http://archive.ubuntu.com/ubuntu/ trusty-updates/main openssl amd64 1.0.1f-1ubuntu2.27 [489 kB]
Get:50 http://archive.ubuntu.com/ubuntu/ trusty-updates/main ca-certificates all 20170717~14.04.2 [166 kB]
Get:51 http://archive.ubuntu.com/ubuntu/ trusty-updates/main krb5-locales all 1.12+dfsg-2ubuntu5.4 [14.0 kB]
Get:52 http://archive.ubuntu.com/ubuntu/ trusty-updates/main wget amd64 1.15-1ubuntu1.14.04.5 [270 kB]
Get:53 http://archive.ubuntu.com/ubuntu/ trusty-updates/main python-six all 1.5.2-1ubuntu1.1 [8348 B]
Get:54 http://archive.ubuntu.com/ubuntu/ trusty-updates/main python-urllib3 all 1.7.1-1ubuntu4.1 [39.4 kB]
Get:55 http://archive.ubuntu.com/ubuntu/ trusty-updates/main python-requests all 2.2.1-1ubuntu0.4 [43.5 kB]
Get:56 http://archive.ubuntu.com/ubuntu/ trusty-updates/main python-six-whl all 1.5.2-1ubuntu1.1 [10.6 kB]
Get:57 http://archive.ubuntu.com/ubuntu/ trusty-updates/main python-urllib3-whl all 1.7.1-1ubuntu4.1 [63.9 kB]
Get:58 http://archive.ubuntu.com/ubuntu/ trusty-updates/main python-requests-whl all 2.2.1-1ubuntu0.4 [228 kB]
Get:59 http://archive.ubuntu.com/ubuntu/ trusty-updates/main python-wheel all 0.24.0-1~ubuntu1.1 [44.7 kB]
Get:60 http://archive.ubuntu.com/ubuntu/ trusty-updates/main python3-six all 1.5.2-1ubuntu1.1 [8438 B]
Get:61 http://archive.ubuntu.com/ubuntu/ trusty-updates/main python3-urllib3 all 1.7.1-1ubuntu4.1 [39.5 kB]
Get:62 http://archive.ubuntu.com/ubuntu/ trusty-updates/main python3-requests all 2.2.1-1ubuntu0.4 [43.3 kB]
Get:63 http://archive.ubuntu.com/ubuntu/ trusty-updates/main python3-wheel all 0.24.0-1~ubuntu1.1 [44.8 kB]
debconf: unable to initialize frontend: Dialog
debconf: (TERM is not set, so the dialog frontend is not usable.)
debconf: falling back to frontend: Readline
debconf: unable to initialize frontend: Readline
debconf: (This frontend requires a controlling tty.)
debconf: falling back to frontend: Teletype
dpkg-preconfigure: unable to re-open stdin: 
Fetched 60.9 MB in 1min 43s (591 kB/s)
(Reading database ... 22128 files and directories currently installed.)
Preparing to unpack .../base-files_7.2ubuntu5.6_amd64.deb ...
[s[0;0f[42m[30mProgress: [  0%][49m[39m  [uUnpacking base-files (7.2ubuntu5.6) over (7.2ubuntu5.5) ...
Setting up base-files (7.2ubuntu5.6) ...
Installing new version of config file /etc/issue ...
Installing new version of config file /etc/issue.net ...
Installing new version of config file /etc/lsb-release ...
Installing new version of config file /etc/os-release ...
[s[0;0f[42m[30mProgress: [  1%][49m[39m  [u(Reading database ... 22128 files and directories currently installed.)
Preparing to unpack .../perl_5.18.2-2ubuntu1.7_amd64.deb ...
Unpacking perl (5.18.2-2ubuntu1.7) over (5.18.2-2ubuntu1.6) ...
[s[0;0f[42m[30mProgress: [  2%][49m[39m  [uPreparing to unpack .../perl-base_5.18.2-2ubuntu1.7_amd64.deb ...
Unpacking perl-base (5.18.2-2ubuntu1.7) over (5.18.2-2ubuntu1.6) ...
[s[0;0f[42m[30mProgress: [  3%][49m[39m  [uSetting up perl-base (5.18.2-2ubuntu1.7) ...
[s[0;0f[42m[30mProgress: [  4%][49m[39m  [u(Reading database ... 22128 files and directories currently installed.)
Preparing to unpack .../perl-modules_5.18.2-2ubuntu1.7_all.deb ...
Unpacking perl-modules (5.18.2-2ubuntu1.7) over (5.18.2-2ubuntu1.6) ...
[s[0;0f[42m[30mProgress: [  5%][49m[39m  [uPreparing to unpack .../libc-bin_2.19-0ubuntu6.15_amd64.deb ...
Unpacking libc-bin (2.19-0ubuntu6.15) over (2.19-0ubuntu6.14) ...
Setting up libc-bin (2.19-0ubuntu6.15) ...
[s[0;0f[42m[30mProgress: [  6%][49m[39m  [u(Reading database ... 22128 files and directories currently installed.)
Preparing to unpack .../libc6-dev_2.19-0ubuntu6.15_amd64.deb ...
Unpacking libc6-dev:amd64 (2.19-0ubuntu6.15) over (2.19-0ubuntu6.14) ...
[s[0;0f[42m[30mProgress: [  7%][49m[39m  [uPreparing to unpack .../libc-dev-bin_2.19-0ubuntu6.15_amd64.deb ...
Unpacking libc-dev-bin (2.19-0ubuntu6.15) over (2.19-0ubuntu6.14) ...
[s[0;0f[42m[30mProgress: [  8%][49m[39m  [uPreparing to unpack .../linux-libc-dev_3.13.0-170.220_amd64.deb ...
Unpacking linux-libc-dev:amd64 (3.13.0-170.220) over (3.13.0-153.203) ...
[s[0;0f[42m[30mProgress: [  9%][49m[39m  [uPreparing to unpack .../libc6_2.19-0ubuntu6.15_amd64.deb ...
debconf: unable to initialize frontend: Dialog
debconf: (TERM is not set, so the dialog frontend is not usable.)
debconf: falling back to frontend: Readline
debconf: unable to initialize frontend: Readline
debconf: (This frontend requires a controlling tty.)
debconf: falling back to frontend: Teletype
Unpacking libc6:amd64 (2.19-0ubuntu6.15) over (2.19-0ubuntu6.14) ...
[s[0;0f[42m[30mProgress: [ 10%][49m[39m  [uSetting up libc6:amd64 (2.19-0ubuntu6.15) ...
debconf: unable to initialize frontend: Dialog
debconf: (TERM is not set, so the dialog frontend is not usable.)
debconf: falling back to frontend: Readline
debconf: unable to initialize frontend: Readline
debconf: (This frontend requires a controlling tty.)
debconf: falling back to frontend: Teletype
Processing triggers for libc-bin (2.19-0ubuntu6.15) ...
(Reading database ... 22128 files and directories currently installed.)
Preparing to unpack .../zlib1g_1%3a1.2.8.dfsg-1ubuntu1.1_amd64.deb ...
[s[0;0f[42m[30mProgress: [ 11%][49m[39m  [uUnpacking zlib1g:amd64 (1:1.2.8.dfsg-1ubuntu1.1) over (1:1.2.8.dfsg-1ubuntu1) ...
Setting up zlib1g:amd64 (1:1.2.8.dfsg-1ubuntu1.1) ...
[s[0;0f[42m[30mProgress: [ 12%][49m[39m  [uProcessing triggers for libc-bin (2.19-0ubuntu6.15) ...
(Reading database ... 22128 files and directories currently installed.)
Preparing to unpack .../libapt-pkg4.12_1.0.1ubuntu2.24_amd64.deb ...
Unpacking libapt-pkg4.12:amd64 (1.0.1ubuntu2.24) over (1.0.1ubuntu2.18) ...
[s[0;0f[42m[30mProgress: [ 13%][49m[39m  [uSetting up libapt-pkg4.12:amd64 (1.0.1ubuntu2.24) ...
[s[0;0f[42m[30mProgress: [ 14%][49m[39m  [uProcessing triggers for libc-bin (2.19-0ubuntu6.15) ...
(Reading database ... 22128 files and directories currently installed.)
Preparing to unpack .../gpgv_1.4.16-1ubuntu2.6_amd64.deb ...
Unpacking gpgv (1.4.16-1ubuntu2.6) over (1.4.16-1ubuntu2.5) ...
[s[0;0f[42m[30mProgress: [ 15%][49m[39m  [uSetting up gpgv (1.4.16-1ubuntu2.6) ...
(Reading database ... 22128 files and directories currently installed.)
Preparing to unpack .../gnupg_1.4.16-1ubuntu2.6_amd64.deb ...
Unpacking gnupg (1.4.16-1ubuntu2.6) over (1.4.16-1ubuntu2.5) ...
[s[0;0f[42m[30mProgress: [ 16%][49m[39m  [uSetting up gnupg (1.4.16-1ubuntu2.6) ...
[s[0;0f[42m[30mProgress: [ 17%][49m[39m  [u(Reading database ... 22128 files and directories currently installed.)
Preparing to unpack .../apt_1.0.1ubuntu2.24_amd64.deb ...
Unpacking apt (1.0.1ubuntu2.24) over (1.0.1ubuntu2.18) ...
[s[0;0f[42m[30mProgress: [ 18%][49m[39m  [uSetting up apt (1.0.1ubuntu2.24) ...
Installing new version of config file /etc/apt/apt.conf.d/01autoremove ...
Processing triggers for libc-bin (2.19-0ubuntu6.15) ...
(Reading database ... 22129 files and directories currently installed.)
Preparing to unpack .../libapt-inst1.5_1.0.1ubuntu2.24_amd64.deb ...
[s[0;0f[42m[30mProgress: [ 19%][49m[39m  [uUnpacking libapt-inst1.5:amd64 (1.0.1ubuntu2.24) over (1.0.1ubuntu2.18) ...
Preparing to unpack .../python3.4-dev_3.4.3-1ubuntu1~14.04.7_amd64.deb ...
[s[0;0f[42m[30mProgress: [ 20%][49m[39m  [uUnpacking python3.4-dev (3.4.3-1ubuntu1~14.04.7) over (3.4.3-1ubuntu1~14.04.6) ...
Preparing to unpack .../libpython3.4-dev_3.4.3-1ubuntu1~14.04.7_amd64.deb ...
Unpacking libpython3.4-dev:amd64 (3.4.3-1ubuntu1~14.04.7) over (3.4.3-1ubuntu1~14.04.6) ...
[s[0;0f[42m[30mProgress: [ 21%][49m[39m  [uPreparing to unpack .../libpython3.4_3.4.3-1ubuntu1~14.04.7_amd64.deb ...
Unpacking libpython3.4:amd64 (3.4.3-1ubuntu1~14.04.7) over (3.4.3-1ubuntu1~14.04.6) ...
[s[0;0f[42m[30mProgress: [ 22%][49m[39m  [uPreparing to unpack .../python3.4_3.4.3-1ubuntu1~14.04.7_amd64.deb ...
Unpacking python3.4 (3.4.3-1ubuntu1~14.04.7) over (3.4.3-1ubuntu1~14.04.6) ...
[s[0;0f[42m[30mProgress: [ 23%][49m[39m  [uPreparing to unpack .../python3.4-minimal_3.4.3-1ubuntu1~14.04.7_amd64.deb ...
Unpacking python3.4-minimal (3.4.3-1ubuntu1~14.04.7) over (3.4.3-1ubuntu1~14.04.6) ...
[s[0;0f[42m[30mProgress: [ 24%][49m[39m  [uPreparing to unpack .../libsqlite3-0_3.8.2-1ubuntu2.2_amd64.deb ...
Unpacking libsqlite3-0:amd64 (3.8.2-1ubuntu2.2) over (3.8.2-1ubuntu2.1) ...
[s[0;0f[42m[30mProgress: [ 25%][49m[39m  [uPreparing to unpack .../libpython3.4-stdlib_3.4.3-1ubuntu1~14.04.7_amd64.deb ...
Unpacking libpython3.4-stdlib:amd64 (3.4.3-1ubuntu1~14.04.7) over (3.4.3-1ubuntu1~14.04.6) ...
[s[0;0f[42m[30mProgress: [ 26%][49m[39m  [uPreparing to unpack .../libssl1.0.0_1.0.1f-1ubuntu2.27_amd64.deb ...
Unpacking libssl1.0.0:amd64 (1.0.1f-1ubuntu2.27) over (1.0.1f-1ubuntu2.26) ...
[s[0;0f[42m[30mProgress: [ 27%][49m[39m  [uPreparing to unpack .../libpython3.4-minimal_3.4.3-1ubuntu1~14.04.7_amd64.deb ...
Unpacking libpython3.4-minimal:amd64 (3.4.3-1ubuntu1~14.04.7) over (3.4.3-1ubuntu1~14.04.6) ...
[s[0;0f[42m[30mProgress: [ 28%][49m[39m  [uPreparing to unpack .../udev_204-5ubuntu20.31_amd64.deb ...
Adding 'diversion of /bin/udevadm to /bin/udevadm.upgrade by fake-udev'
Unpacking udev (204-5ubuntu20.31) over (204-5ubuntu20.28) ...
[s[0;0f[42m[30mProgress: [ 29%][49m[39m  [uPreparing to unpack .../libudev1_204-5ubuntu20.31_amd64.deb ...
Unpacking libudev1:amd64 (204-5ubuntu20.31) over (204-5ubuntu20.28) ...
[s[0;0f[42m[30mProgress: [ 30%][49m[39m  [uPreparing to unpack .../mountall_2.53ubuntu1_amd64.deb ...
Unpacking mountall (2.53ubuntu1) over (2.53) ...
Preparing to unpack .../libk5crypto3_1.12+dfsg-2ubuntu5.4_amd64.deb ...
[s[0;0f[42m[30mProgress: [ 31%][49m[39m  [uUnpacking libk5crypto3:amd64 (1.12+dfsg-2ubuntu5.4) over (1.12+dfsg-2ubuntu5.3) ...
Preparing to unpack .../libgssapi-krb5-2_1.12+dfsg-2ubuntu5.4_amd64.deb ...
[s[0;0f[42m[30mProgress: [ 32%][49m[39m  [uUnpacking libgssapi-krb5-2:amd64 (1.12+dfsg-2ubuntu5.4) over (1.12+dfsg-2ubuntu5.3) ...
Preparing to unpack .../libkrb5-3_1.12+dfsg-2ubuntu5.4_amd64.deb ...
[s[0;0f[42m[30mProgress: [ 33%][49m[39m  [uUnpacking libkrb5-3:amd64 (1.12+dfsg-2ubuntu5.4) over (1.12+dfsg-2ubuntu5.3) ...
Preparing to unpack .../libkrb5support0_1.12+dfsg-2ubuntu5.4_amd64.deb ...
[s[0;0f[42m[30mProgress: [ 34%][49m[39m  [uUnpacking libkrb5support0:amd64 (1.12+dfsg-2ubuntu5.4) over (1.12+dfsg-2ubuntu5.3) ...
Preparing to unpack .../libldap-2.4-2_2.4.31-1+nmu2ubuntu8.5_amd64.deb ...
[s[0;0f[42m[30mProgress: [ 35%][49m[39m  [uUnpacking libldap-2.4-2:amd64 (2.4.31-1+nmu2ubuntu8.5) over (2.4.31-1+nmu2ubuntu8.4) ...
Preparing to unpack .../libcurl3-gnutls_7.35.0-1ubuntu2.20_amd64.deb ...
Unpacking libcurl3-gnutls:amd64 (7.35.0-1ubuntu2.20) over (7.35.0-1ubuntu2.16) ...
[s[0;0f[42m[30mProgress: [ 36%][49m[39m  [uPreparing to unpack .../curl_7.35.0-1ubuntu2.20_amd64.deb ...
Unpacking curl (7.35.0-1ubuntu2.20) over (7.35.0-1ubuntu2.16) ...
[s[0;0f[42m[30mProgress: [ 37%][49m[39m  [uPreparing to unpack .../libcurl3_7.35.0-1ubuntu2.20_amd64.deb ...
Unpacking libcurl3:amd64 (7.35.0-1ubuntu2.20) over (7.35.0-1ubuntu2.16) ...
[s[0;0f[42m[30mProgress: [ 38%][49m[39m  [uSelecting previously unselected package libyaml-0-2:amd64.
Preparing to unpack .../libyaml-0-2_0.1.4-3ubuntu3.1_amd64.deb ...
Unpacking libyaml-0-2:amd64 (0.1.4-3ubuntu3.1) ...
[s[0;0f[42m[30mProgress: [ 39%][49m[39m  [uPreparing to unpack .../python2.7_2.7.6-8ubuntu0.5_amd64.deb ...
Unpacking python2.7 (2.7.6-8ubuntu0.5) over (2.7.6-8ubuntu0.4) ...
[s[0;0f[42m[30mProgress: [ 40%][49m[39m  [uPreparing to unpack .../libpython2.7-stdlib_2.7.6-8ubuntu0.5_amd64.deb ...
Unpacking libpython2.7-stdlib:amd64 (2.7.6-8ubuntu0.5) over (2.7.6-8ubuntu0.4) ...
[s[0;0f[42m[30mProgress: [ 41%][49m[39m  [uPreparing to unpack .../python2.7-minimal_2.7.6-8ubuntu0.5_amd64.deb ...
Unpacking python2.7-minimal (2.7.6-8ubuntu0.5) over (2.7.6-8ubuntu0.4) ...
[s[0;0f[42m[30mProgress: [ 42%][49m[39m  [uPreparing to unpack .../libpython2.7-minimal_2.7.6-8ubuntu0.5_amd64.deb ...
Unpacking libpython2.7-minimal:amd64 (2.7.6-8ubuntu0.5) over (2.7.6-8ubuntu0.4) ...
[s[0;0f[42m[30mProgress: [ 43%][49m[39m  [uPreparing to unpack .../multiarch-support_2.19-0ubuntu6.15_amd64.deb ...
Unpacking multiarch-support (2.19-0ubuntu6.15) over (2.19-0ubuntu6.14) ...
[s[0;0f[42m[30mProgress: [ 44%][49m[39m  [uProcessing triggers for mime-support (3.54ubuntu1.1) ...
Processing triggers for ureadahead (0.100.0-16) ...
Setting up multiarch-support (2.19-0ubuntu6.15) ...
(Reading database ... 22136 files and directories currently installed.)
Preparing to unpack .../tzdata_2019a-0ubuntu0.14.04_all.deb ...
[s[0;0f[42m[30mProgress: [ 45%][49m[39m  [uUnpacking tzdata (2019a-0ubuntu0.14.04) over (2017c-0ubuntu0.14.04) ...
Setting up tzdata (2019a-0ubuntu0.14.04) ...
debconf: unable to initialize frontend: Dialog
debconf: (TERM is not set, so the dialog frontend is not usable.)
debconf: falling back to frontend: Readline
debconf: unable to initialize frontend: Readline
debconf: (This frontend requires a controlling tty.)
debconf: falling back to frontend: Teletype

Current default time zone: 'Etc/UTC'
Local time is now:      Sat May  9 16:43:06 UTC 2020.
Universal Time is now:  Sat May  9 16:43:06 UTC 2020.
Run 'dpkg-reconfigure tzdata' if you wish to change it.

[s[0;0f[42m[30mProgress: [ 46%][49m[39m  [u(Reading database ... 22139 files and directories currently installed.)
Preparing to unpack .../apt-utils_1.0.1ubuntu2.24_amd64.deb ...
Unpacking apt-utils (1.0.1ubuntu2.24) over (1.0.1ubuntu2.18) ...
[s[0;0f[42m[30mProgress: [ 47%][49m[39m  [uSelecting previously unselected package python3-yaml.
Preparing to unpack .../python3-yaml_3.10-4ubuntu0.1_amd64.deb ...
Unpacking python3-yaml (3.10-4ubuntu0.1) ...
[s[0;0f[42m[30mProgress: [ 48%][49m[39m  [uPreparing to unpack .../apt-transport-https_1.0.1ubuntu2.24_amd64.deb ...
Unpacking apt-transport-https (1.0.1ubuntu2.24) over (1.0.1ubuntu2.18) ...
[s[0;0f[42m[30mProgress: [ 49%][49m[39m  [uSelecting previously unselected package ubuntu-advantage-tools.
Preparing to unpack .../ubuntu-advantage-tools_19.6~ubuntu14.04.4_amd64.deb ...
Unpacking ubuntu-advantage-tools (19.6~ubuntu14.04.4) ...
[s[0;0f[42m[30mProgress: [ 50%][49m[39m  [uPreparing to unpack .../ubuntu-minimal_1.325.1_amd64.deb ...
Unpacking ubuntu-minimal (1.325.1) over (1.325) ...
Preparing to unpack .../busybox-initramfs_1%3a1.21.0-1ubuntu1.4_amd64.deb ...
[s[0;0f[42m[30mProgress: [ 51%][49m[39m  [uUnpacking busybox-initramfs (1:1.21.0-1ubuntu1.4) over (1:1.21.0-1ubuntu1) ...
Preparing to unpack .../openssl_1.0.1f-1ubuntu2.27_amd64.deb ...
[s[0;0f[42m[30mProgress: [ 52%][49m[39m  [uUnpacking openssl (1.0.1f-1ubuntu2.27) over (1.0.1f-1ubuntu2.26) ...
Preparing to unpack .../ca-certificates_20170717~14.04.2_all.deb ...
[s[0;0f[42m[30mProgress: [ 53%][49m[39m  [uUnpacking ca-certificates (20170717~14.04.2) over (20170717~14.04.1) ...
Preparing to unpack .../krb5-locales_1.12+dfsg-2ubuntu5.4_all.deb ...
[s[0;0f[42m[30mProgress: [ 54%][49m[39m  [uUnpacking krb5-locales (1.12+dfsg-2ubuntu5.4) over (1.12+dfsg-2ubuntu5.3) ...
Preparing to unpack .../wget_1.15-1ubuntu1.14.04.5_amd64.deb ...
[s[0;0f[42m[30mProgress: [ 55%][49m[39m  [uUnpacking wget (1.15-1ubuntu1.14.04.5) over (1.15-1ubuntu1.14.04.4) ...
Preparing to unpack .../nodejs_6.17.1-1nodesource1_amd64.deb ...
Detected old npm client, removing...
Unpacking nodejs (6.17.1-1nodesource1) over (6.14.3-1nodesource1) ...
[s[0;0f[42m[30mProgress: [ 56%][49m[39m  [uPreparing to unpack .../python-six_1.5.2-1ubuntu1.1_all.deb ...
Unpacking python-six (1.5.2-1ubuntu1.1) over (1.5.2-1ubuntu1) ...
[s[0;0f[42m[30mProgress: [ 57%][49m[39m  [uPreparing to unpack .../python-urllib3_1.7.1-1ubuntu4.1_all.deb ...
Unpacking python-urllib3 (1.7.1-1ubuntu4.1) over (1.7.1-1ubuntu4) ...
[s[0;0f[42m[30mProgress: [ 58%][49m[39m  [uPreparing to unpack .../python-requests_2.2.1-1ubuntu0.4_all.deb ...
Unpacking python-requests (2.2.1-1ubuntu0.4) over (2.2.1-1ubuntu0.3) ...
[s[0;0f[42m[30mProgress: [ 59%][49m[39m  [uPreparing to unpack .../python-six-whl_1.5.2-1ubuntu1.1_all.deb ...
Unpacking python-six-whl (1.5.2-1ubuntu1.1) over (1.5.2-1ubuntu1) ...
[s[0;0f[42m[30mProgress: [ 60%][49m[39m  [uPreparing to unpack .../python-urllib3-whl_1.7.1-1ubuntu4.1_all.deb ...
Unpacking python-urllib3-whl (1.7.1-1ubuntu4.1) over (1.7.1-1ubuntu4) ...
[s[0;0f[42m[30mProgress: [ 61%][49m[39m  [uPreparing to unpack .../python-requests-whl_2.2.1-1ubuntu0.4_all.deb ...
Unpacking python-requests-whl (2.2.1-1ubuntu0.4) over (2.2.1-1ubuntu0.3) ...
[s[0;0f[42m[30mProgress: [ 62%][49m[39m  [uPreparing to unpack .../python-wheel_0.24.0-1~ubuntu1.1_all.deb ...
Unpacking python-wheel (0.24.0-1~ubuntu1.1) over (0.24.0-1~ubuntu1) ...
[s[0;0f[42m[30mProgress: [ 63%][49m[39m  [uPreparing to unpack .../python3-six_1.5.2-1ubuntu1.1_all.deb ...
Unpacking python3-six (1.5.2-1ubuntu1.1) over (1.5.2-1ubuntu1) ...
[s[0;0f[42m[30mProgress: [ 64%][49m[39m  [uPreparing to unpack .../python3-urllib3_1.7.1-1ubuntu4.1_all.deb ...
Unpacking python3-urllib3 (1.7.1-1ubuntu4.1) over (1.7.1-1ubuntu4) ...
[s[0;0f[42m[30mProgress: [ 65%][49m[39m  [uPreparing to unpack .../python3-requests_2.2.1-1ubuntu0.4_all.deb ...
Unpacking python3-requests (2.2.1-1ubuntu0.4) over (2.2.1-1ubuntu0.3) ...
Preparing to unpack .../python3-wheel_0.24.0-1~ubuntu1.1_all.deb ...
[s[0;0f[42m[30mProgress: [ 66%][49m[39m  [uUnpacking python3-wheel (0.24.0-1~ubuntu1.1) over (0.24.0-1~ubuntu1) ...
Setting up libc-dev-bin (2.19-0ubuntu6.15) ...
[s[0;0f[42m[30mProgress: [ 67%][49m[39m  [uSetting up linux-libc-dev:amd64 (3.13.0-170.220) ...
[s[0;0f[42m[30mProgress: [ 68%][49m[39m  [uSetting up libc6-dev:amd64 (2.19-0ubuntu6.15) ...
Setting up libapt-inst1.5:amd64 (1.0.1ubuntu2.24) ...
[s[0;0f[42m[30mProgress: [ 69%][49m[39m  [uSetting up libssl1.0.0:amd64 (1.0.1f-1ubuntu2.27) ...
debconf: unable to initialize frontend: Dialog
debconf: (TERM is not set, so the dialog frontend is not usable.)
debconf: falling back to frontend: Readline
debconf: unable to initialize frontend: Readline
debconf: (This frontend requires a controlling tty.)
debconf: falling back to frontend: Teletype
[s[0;0f[42m[30mProgress: [ 70%][49m[39m  [uSetting up libpython3.4-minimal:amd64 (3.4.3-1ubuntu1~14.04.7) ...
Setting up python3.4-minimal (3.4.3-1ubuntu1~14.04.7) ...
[s[0;0f[42m[30mProgress: [ 71%][49m[39m  [uSetting up libsqlite3-0:amd64 (3.8.2-1ubuntu2.2) ...
Setting up libpython3.4-stdlib:amd64 (3.4.3-1ubuntu1~14.04.7) ...
[s[0;0f[42m[30mProgress: [ 72%][49m[39m  [uSetting up python3.4 (3.4.3-1ubuntu1~14.04.7) ...
[s[0;0f[42m[30mProgress: [ 73%][49m[39m  [uSetting up libpython3.4:amd64 (3.4.3-1ubuntu1~14.04.7) ...
Setting up libpython3.4-dev:amd64 (3.4.3-1ubuntu1~14.04.7) ...
[s[0;0f[42m[30mProgress: [ 74%][49m[39m  [uSetting up python3.4-dev (3.4.3-1ubuntu1~14.04.7) ...
[s[0;0f[42m[30mProgress: [ 75%][49m[39m  [uSetting up libudev1:amd64 (204-5ubuntu20.31) ...
Setting up udev (204-5ubuntu20.31) ...
invoke-rc.d: policy-rc.d denied execution of restart.
Removing 'diversion of /bin/udevadm to /bin/udevadm.upgrade by fake-udev'
update-initramfs: deferring update (trigger activated)
[s[0;0f[42m[30mProgress: [ 76%][49m[39m  [uSetting up mountall (2.53ubuntu1) ...
Setting up libkrb5support0:amd64 (1.12+dfsg-2ubuntu5.4) ...
[s[0;0f[42m[30mProgress: [ 77%][49m[39m  [uSetting up libk5crypto3:amd64 (1.12+dfsg-2ubuntu5.4) ...
[s[0;0f[42m[30mProgress: [ 78%][49m[39m  [uSetting up libkrb5-3:amd64 (1.12+dfsg-2ubuntu5.4) ...
Setting up libgssapi-krb5-2:amd64 (1.12+dfsg-2ubuntu5.4) ...
[s[0;0f[42m[30mProgress: [ 79%][49m[39m  [uSetting up libldap-2.4-2:amd64 (2.4.31-1+nmu2ubuntu8.5) ...
[s[0;0f[42m[30mProgress: [ 80%][49m[39m  [uSetting up libcurl3-gnutls:amd64 (7.35.0-1ubuntu2.20) ...
Setting up libcurl3:amd64 (7.35.0-1ubuntu2.20) ...
[s[0;0f[42m[30mProgress: [ 81%][49m[39m  [uSetting up curl (7.35.0-1ubuntu2.20) ...
Setting up libyaml-0-2:amd64 (0.1.4-3ubuntu3.1) ...
[s[0;0f[42m[30mProgress: [ 82%][49m[39m  [uSetting up libpython2.7-minimal:amd64 (2.7.6-8ubuntu0.5) ...
[s[0;0f[42m[30mProgress: [ 83%][49m[39m  [uSetting up python2.7-minimal (2.7.6-8ubuntu0.5) ...
Setting up libpython2.7-stdlib:amd64 (2.7.6-8ubuntu0.5) ...
[s[0;0f[42m[30mProgress: [ 84%][49m[39m  [uSetting up python2.7 (2.7.6-8ubuntu0.5) ...
[s[0;0f[42m[30mProgress: [ 85%][49m[39m  [uSetting up apt-utils (1.0.1ubuntu2.24) ...
Setting up python3-yaml (3.10-4ubuntu0.1) ...
[s[0;0f[42m[30mProgress: [ 86%][49m[39m  [uSetting up apt-transport-https (1.0.1ubuntu2.24) ...
Setting up ubuntu-advantage-tools (19.6~ubuntu14.04.4) ...
[s[0;0f[42m[30mProgress: [ 87%][49m[39m  [uSetting up ubuntu-minimal (1.325.1) ...
[s[0;0f[42m[30mProgress: [ 88%][49m[39m  [uSetting up busybox-initramfs (1:1.21.0-1ubuntu1.4) ...
Setting up openssl (1.0.1f-1ubuntu2.27) ...
[s[0;0f[42m[30mProgress: [ 89%][49m[39m  [uSetting up ca-certificates (20170717~14.04.2) ...
debconf: unable to initialize frontend: Dialog
debconf: (TERM is not set, so the dialog frontend is not usable.)
debconf: falling back to frontend: Readline
debconf: unable to initialize frontend: Readline
debconf: (This frontend requires a controlling tty.)
debconf: falling back to frontend: Teletype
[s[0;0f[42m[30mProgress: [ 90%][49m[39m  [uSetting up krb5-locales (1.12+dfsg-2ubuntu5.4) ...
Setting up wget (1.15-1ubuntu1.14.04.5) ...
[s[0;0f[42m[30mProgress: [ 91%][49m[39m  [uSetting up nodejs (6.17.1-1nodesource1) ...
Setting up python-six (1.5.2-1ubuntu1.1) ...
[s[0;0f[42m[30mProgress: [ 92%][49m[39m  [uSetting up python-urllib3 (1.7.1-1ubuntu4.1) ...
[s[0;0f[42m[30mProgress: [ 93%][49m[39m  [uSetting up python-requests (2.2.1-1ubuntu0.4) ...
Setting up python-six-whl (1.5.2-1ubuntu1.1) ...
[s[0;0f[42m[30mProgress: [ 94%][49m[39m  [uSetting up python-urllib3-whl (1.7.1-1ubuntu4.1) ...
[s[0;0f[42m[30mProgress: [ 95%][49m[39m  [uSetting up python-requests-whl (2.2.1-1ubuntu0.4) ...
Setting up python-wheel (0.24.0-1~ubuntu1.1) ...
[s[0;0f[42m[30mProgress: [ 96%][49m[39m  [uSetting up python3-six (1.5.2-1ubuntu1.1) ...
Setting up python3-urllib3 (1.7.1-1ubuntu4.1) ...
[s[0;0f[42m[30mProgress: [ 97%][49m[39m  [uSetting up python3-requests (2.2.1-1ubuntu0.4) ...
[s[0;0f[42m[30mProgress: [ 98%][49m[39m  [uSetting up python3-wheel (0.24.0-1~ubuntu1.1) ...
Setting up perl-modules (5.18.2-2ubuntu1.7) ...
[s[0;0f[42m[30mProgress: [ 99%][49m[39m  [uSetting up perl (5.18.2-2ubuntu1.7) ...
[s[0;0f[42m[30mProgress: [100%][49m[39m  [uProcessing triggers for libc-bin (2.19-0ubuntu6.15) ...
Processing triggers for initramfs-tools (0.103ubuntu4.11) ...
Processing triggers for ca-certificates (20170717~14.04.2) ...
Updating certificates in /etc/ssl/certs... 0 added, 0 removed; done.
Running hooks in /etc/ca-certificates/update.d....done.
